2024-08-24 00:45:22:740 AM [LOGGER] error: uncaughtException: тип Unable to compile TypeScript:
[96msrc/services/user.service.ts[0m:[93m8[0m:[93m28[0m - [91merror[0m[90m TS6133: [0m'id' is declared but its value is never read.

[7m8[0m const getUserById = async (id) => {
[7m [0m [91m                           ~~[0m
[96msrc/services/user.service.ts[0m:[93m8[0m:[93m28[0m - [91merror[0m[90m TS7006: [0mParameter 'id' implicitly has an 'any' type.

[7m8[0m const getUserById = async (id) => {
[7m [0m [91m                           ~~[0m

TSError: тип Unable to compile TypeScript:
[96msrc/services/user.service.ts[0m:[93m8[0m:[93m28[0m - [91merror[0m[90m TS6133: [0m'id' is declared but its value is never read.

[7m8[0m const getUserById = async (id) => {
[7m [0m [91m                           ~~[0m
[96msrc/services/user.service.ts[0m:[93m8[0m:[93m28[0m - [91merror[0m[90m TS7006: [0mParameter 'id' implicitly has an 'any' type.

[7m8[0m const getUserById = async (id) => {
[7m [0m [91m                           ~~[0m

    at createTSError (C:\Users\fauzi\OneDrive\Desktop\task management app\task management app\node_modules\ts-node\src\index.ts:859:12)
    at reportTSError (C:\Users\fauzi\OneDrive\Desktop\task management app\task management app\node_modules\ts-node\src\index.ts:863:19)
    at getOutput (C:\Users\fauzi\OneDrive\Desktop\task management app\task management app\node_modules\ts-node\src\index.ts:1077:36)
    at Object.compile (C:\Users\fauzi\OneDrive\Desktop\task management app\task management app\node_modules\ts-node\src\index.ts:1433:41)
    at Module.m._compile (C:\Users\fauzi\OneDrive\Desktop\task management app\task management app\node_modules\ts-node\src\index.ts:1617:30)
    at Module._extensions..js (node:internal/modules/cjs/loader:1427:10)
    at Object.require.extensions.<computed> [as .ts] (C:\Users\fauzi\OneDrive\Desktop\task management app\task management app\node_modules\ts-node\src\index.ts:1621:12)
    at Module.load (node:internal/modules/cjs/loader:1206:32)
    at Function.Module._load (node:internal/modules/cjs/loader:1022:12)
    at Module.require (node:internal/modules/cjs/loader:1231:19)
2024-08-24 00:45:28:496 AM [LOGGER] error: uncaughtException: тип Unable to compile TypeScript:
[96msrc/services/user.service.ts[0m:[93m8[0m:[93m28[0m - [91merror[0m[90m TS7006: [0mParameter 'id' implicitly has an 'any' type.

[7m8[0m const getUserById = async (id) => {
[7m [0m [91m                           ~~[0m

TSError: тип Unable to compile TypeScript:
[96msrc/services/user.service.ts[0m:[93m8[0m:[93m28[0m - [91merror[0m[90m TS7006: [0mParameter 'id' implicitly has an 'any' type.

[7m8[0m const getUserById = async (id) => {
[7m [0m [91m                           ~~[0m

    at createTSError (C:\Users\fauzi\OneDrive\Desktop\task management app\task management app\node_modules\ts-node\src\index.ts:859:12)
    at reportTSError (C:\Users\fauzi\OneDrive\Desktop\task management app\task management app\node_modules\ts-node\src\index.ts:863:19)
    at getOutput (C:\Users\fauzi\OneDrive\Desktop\task management app\task management app\node_modules\ts-node\src\index.ts:1077:36)
    at Object.compile (C:\Users\fauzi\OneDrive\Desktop\task management app\task management app\node_modules\ts-node\src\index.ts:1433:41)
    at Module.m._compile (C:\Users\fauzi\OneDrive\Desktop\task management app\task management app\node_modules\ts-node\src\index.ts:1617:30)
    at Module._extensions..js (node:internal/modules/cjs/loader:1427:10)
    at Object.require.extensions.<computed> [as .ts] (C:\Users\fauzi\OneDrive\Desktop\task management app\task management app\node_modules\ts-node\src\index.ts:1621:12)
    at Module.load (node:internal/modules/cjs/loader:1206:32)
    at Function.Module._load (node:internal/modules/cjs/loader:1022:12)
    at Module.require (node:internal/modules/cjs/loader:1231:19)
2024-08-24 00:45:32:236 AM [LOGGER] error: uncaughtException: тип Unable to compile TypeScript:
[96msrc/services/user.service.ts[0m:[93m8[0m:[93m28[0m - [91merror[0m[90m TS7006: [0mParameter 'id' implicitly has an 'any' type.

[7m8[0m const getUserById = async (id) => {
[7m [0m [91m                           ~~[0m

TSError: тип Unable to compile TypeScript:
[96msrc/services/user.service.ts[0m:[93m8[0m:[93m28[0m - [91merror[0m[90m TS7006: [0mParameter 'id' implicitly has an 'any' type.

[7m8[0m const getUserById = async (id) => {
[7m [0m [91m                           ~~[0m

    at createTSError (C:\Users\fauzi\OneDrive\Desktop\task management app\task management app\node_modules\ts-node\src\index.ts:859:12)
    at reportTSError (C:\Users\fauzi\OneDrive\Desktop\task management app\task management app\node_modules\ts-node\src\index.ts:863:19)
    at getOutput (C:\Users\fauzi\OneDrive\Desktop\task management app\task management app\node_modules\ts-node\src\index.ts:1077:36)
    at Object.compile (C:\Users\fauzi\OneDrive\Desktop\task management app\task management app\node_modules\ts-node\src\index.ts:1433:41)
    at Module.m._compile (C:\Users\fauzi\OneDrive\Desktop\task management app\task management app\node_modules\ts-node\src\index.ts:1617:30)
    at Module._extensions..js (node:internal/modules/cjs/loader:1427:10)
    at Object.require.extensions.<computed> [as .ts] (C:\Users\fauzi\OneDrive\Desktop\task management app\task management app\node_modules\ts-node\src\index.ts:1621:12)
    at Module.load (node:internal/modules/cjs/loader:1206:32)
    at Function.Module._load (node:internal/modules/cjs/loader:1022:12)
    at Module.require (node:internal/modules/cjs/loader:1231:19)
2024-08-24 00:45:46:353 AM [LOGGER] error: uncaughtException: тип Unable to compile TypeScript:
[96msrc/services/user.service.ts[0m:[93m8[0m:[93m28[0m - [91merror[0m[90m TS7006: [0mParameter 'id' implicitly has an 'any' type.

[7m8[0m const getUserById = async (id) => {
[7m [0m [91m                           ~~[0m
[96msrc/services/user.service.ts[0m:[93m11[0m:[93m10[0m - [91merror[0m[90m TS1136: [0mProperty assignment expected.

[7m11[0m       id,,
[7m  [0m [91m         ~[0m

TSError: тип Unable to compile TypeScript:
[96msrc/services/user.service.ts[0m:[93m8[0m:[93m28[0m - [91merror[0m[90m TS7006: [0mParameter 'id' implicitly has an 'any' type.

[7m8[0m const getUserById = async (id) => {
[7m [0m [91m                           ~~[0m
[96msrc/services/user.service.ts[0m:[93m11[0m:[93m10[0m - [91merror[0m[90m TS1136: [0mProperty assignment expected.

[7m11[0m       id,,
[7m  [0m [91m         ~[0m

    at createTSError (C:\Users\fauzi\OneDrive\Desktop\task management app\task management app\node_modules\ts-node\src\index.ts:859:12)
    at reportTSError (C:\Users\fauzi\OneDrive\Desktop\task management app\task management app\node_modules\ts-node\src\index.ts:863:19)
    at getOutput (C:\Users\fauzi\OneDrive\Desktop\task management app\task management app\node_modules\ts-node\src\index.ts:1077:36)
    at Object.compile (C:\Users\fauzi\OneDrive\Desktop\task management app\task management app\node_modules\ts-node\src\index.ts:1433:41)
    at Module.m._compile (C:\Users\fauzi\OneDrive\Desktop\task management app\task management app\node_modules\ts-node\src\index.ts:1617:30)
    at Module._extensions..js (node:internal/modules/cjs/loader:1427:10)
    at Object.require.extensions.<computed> [as .ts] (C:\Users\fauzi\OneDrive\Desktop\task management app\task management app\node_modules\ts-node\src\index.ts:1621:12)
    at Module.load (node:internal/modules/cjs/loader:1206:32)
    at Function.Module._load (node:internal/modules/cjs/loader:1022:12)
    at Module.require (node:internal/modules/cjs/loader:1231:19)
2024-08-24 00:45:48:626 AM [LOGGER] error: uncaughtException: тип Unable to compile TypeScript:
[96msrc/services/user.service.ts[0m:[93m8[0m:[93m28[0m - [91merror[0m[90m TS7006: [0mParameter 'id' implicitly has an 'any' type.

[7m8[0m const getUserById = async (id) => {
[7m [0m [91m                           ~~[0m

TSError: тип Unable to compile TypeScript:
[96msrc/services/user.service.ts[0m:[93m8[0m:[93m28[0m - [91merror[0m[90m TS7006: [0mParameter 'id' implicitly has an 'any' type.

[7m8[0m const getUserById = async (id) => {
[7m [0m [91m                           ~~[0m

    at createTSError (C:\Users\fauzi\OneDrive\Desktop\task management app\task management app\node_modules\ts-node\src\index.ts:859:12)
    at reportTSError (C:\Users\fauzi\OneDrive\Desktop\task management app\task management app\node_modules\ts-node\src\index.ts:863:19)
    at getOutput (C:\Users\fauzi\OneDrive\Desktop\task management app\task management app\node_modules\ts-node\src\index.ts:1077:36)
    at Object.compile (C:\Users\fauzi\OneDrive\Desktop\task management app\task management app\node_modules\ts-node\src\index.ts:1433:41)
    at Module.m._compile (C:\Users\fauzi\OneDrive\Desktop\task management app\task management app\node_modules\ts-node\src\index.ts:1617:30)
    at Module._extensions..js (node:internal/modules/cjs/loader:1427:10)
    at Object.require.extensions.<computed> [as .ts] (C:\Users\fauzi\OneDrive\Desktop\task management app\task management app\node_modules\ts-node\src\index.ts:1621:12)
    at Module.load (node:internal/modules/cjs/loader:1206:32)
    at Function.Module._load (node:internal/modules/cjs/loader:1022:12)
    at Module.require (node:internal/modules/cjs/loader:1231:19)
2024-08-24 00:45:52:525 AM [LOGGER] error: uncaughtException: тип Unable to compile TypeScript:
[96msrc/services/user.service.ts[0m:[93m8[0m:[93m28[0m - [91merror[0m[90m TS7006: [0mParameter 'id' implicitly has an 'any' type.

[7m8[0m const getUserById = async (id) => {
[7m [0m [91m                           ~~[0m

TSError: тип Unable to compile TypeScript:
[96msrc/services/user.service.ts[0m:[93m8[0m:[93m28[0m - [91merror[0m[90m TS7006: [0mParameter 'id' implicitly has an 'any' type.

[7m8[0m const getUserById = async (id) => {
[7m [0m [91m                           ~~[0m

    at createTSError (C:\Users\fauzi\OneDrive\Desktop\task management app\task management app\node_modules\ts-node\src\index.ts:859:12)
    at reportTSError (C:\Users\fauzi\OneDrive\Desktop\task management app\task management app\node_modules\ts-node\src\index.ts:863:19)
    at getOutput (C:\Users\fauzi\OneDrive\Desktop\task management app\task management app\node_modules\ts-node\src\index.ts:1077:36)
    at Object.compile (C:\Users\fauzi\OneDrive\Desktop\task management app\task management app\node_modules\ts-node\src\index.ts:1433:41)
    at Module.m._compile (C:\Users\fauzi\OneDrive\Desktop\task management app\task management app\node_modules\ts-node\src\index.ts:1617:30)
    at Module._extensions..js (node:internal/modules/cjs/loader:1427:10)
    at Object.require.extensions.<computed> [as .ts] (C:\Users\fauzi\OneDrive\Desktop\task management app\task management app\node_modules\ts-node\src\index.ts:1621:12)
    at Module.load (node:internal/modules/cjs/loader:1206:32)
    at Function.Module._load (node:internal/modules/cjs/loader:1022:12)
    at Module.require (node:internal/modules/cjs/loader:1231:19)
2024-08-24 00:45:59:716 AM [LOGGER] error: uncaughtException: тип Unable to compile TypeScript:
[96msrc/services/user.service.ts[0m:[93m8[0m:[93m28[0m - [91merror[0m[90m TS7006: [0mParameter 'id' implicitly has an 'any' type.

[7m8[0m const getUserById = async (id) => {
[7m [0m [91m                           ~~[0m

TSError: тип Unable to compile TypeScript:
[96msrc/services/user.service.ts[0m:[93m8[0m:[93m28[0m - [91merror[0m[90m TS7006: [0mParameter 'id' implicitly has an 'any' type.

[7m8[0m const getUserById = async (id) => {
[7m [0m [91m                           ~~[0m

    at createTSError (C:\Users\fauzi\OneDrive\Desktop\task management app\task management app\node_modules\ts-node\src\index.ts:859:12)
    at reportTSError (C:\Users\fauzi\OneDrive\Desktop\task management app\task management app\node_modules\ts-node\src\index.ts:863:19)
    at getOutput (C:\Users\fauzi\OneDrive\Desktop\task management app\task management app\node_modules\ts-node\src\index.ts:1077:36)
    at Object.compile (C:\Users\fauzi\OneDrive\Desktop\task management app\task management app\node_modules\ts-node\src\index.ts:1433:41)
    at Module.m._compile (C:\Users\fauzi\OneDrive\Desktop\task management app\task management app\node_modules\ts-node\src\index.ts:1617:30)
    at Module._extensions..js (node:internal/modules/cjs/loader:1427:10)
    at Object.require.extensions.<computed> [as .ts] (C:\Users\fauzi\OneDrive\Desktop\task management app\task management app\node_modules\ts-node\src\index.ts:1621:12)
    at Module.load (node:internal/modules/cjs/loader:1206:32)
    at Function.Module._load (node:internal/modules/cjs/loader:1022:12)
    at Module.require (node:internal/modules/cjs/loader:1231:19)
2024-08-24 00:46:14:465 AM [LOGGER] error: uncaughtException: тип Unable to compile TypeScript:
[96msrc/services/user.service.ts[0m:[93m8[0m:[93m28[0m - [91merror[0m[90m TS7006: [0mParameter 'id' implicitly has an 'any' type.

[7m8[0m const getUserById = async (id) => {
[7m [0m [91m                           ~~[0m

TSError: тип Unable to compile TypeScript:
[96msrc/services/user.service.ts[0m:[93m8[0m:[93m28[0m - [91merror[0m[90m TS7006: [0mParameter 'id' implicitly has an 'any' type.

[7m8[0m const getUserById = async (id) => {
[7m [0m [91m                           ~~[0m

    at createTSError (C:\Users\fauzi\OneDrive\Desktop\task management app\task management app\node_modules\ts-node\src\index.ts:859:12)
    at reportTSError (C:\Users\fauzi\OneDrive\Desktop\task management app\task management app\node_modules\ts-node\src\index.ts:863:19)
    at getOutput (C:\Users\fauzi\OneDrive\Desktop\task management app\task management app\node_modules\ts-node\src\index.ts:1077:36)
    at Object.compile (C:\Users\fauzi\OneDrive\Desktop\task management app\task management app\node_modules\ts-node\src\index.ts:1433:41)
    at Module.m._compile (C:\Users\fauzi\OneDrive\Desktop\task management app\task management app\node_modules\ts-node\src\index.ts:1617:30)
    at Module._extensions..js (node:internal/modules/cjs/loader:1427:10)
    at Object.require.extensions.<computed> [as .ts] (C:\Users\fauzi\OneDrive\Desktop\task management app\task management app\node_modules\ts-node\src\index.ts:1621:12)
    at Module.load (node:internal/modules/cjs/loader:1206:32)
    at Function.Module._load (node:internal/modules/cjs/loader:1022:12)
    at Module.require (node:internal/modules/cjs/loader:1231:19)
2024-08-24 00:46:17:347 AM [LOGGER] error: uncaughtException: тип Unable to compile TypeScript:
[96msrc/services/user.service.ts[0m:[93m8[0m:[93m21[0m - [91merror[0m[90m TS2304: [0mCannot find name 'async'.

[7m8[0m const getUserById = async (::id) => {
[7m [0m [91m                    ~~~~~[0m
[96msrc/services/user.service.ts[0m:[93m8[0m:[93m30[0m - [91merror[0m[90m TS2304: [0mCannot find name 'id'.

[7m8[0m const getUserById = async (::id) => {
[7m [0m [91m                             ~~[0m
[96msrc/services/user.service.ts[0m:[93m11[0m:[93m18[0m - [91merror[0m[90m TS2304: [0mCannot find name 'id'.

[7m11[0m       id: Number(id),
[7m  [0m [91m                 ~~[0m
[96msrc/services/user.service.ts[0m:[93m8[0m:[93m28[0m - [91merror[0m[90m TS1135: [0mArgument expression expected.

[7m8[0m const getUserById = async (::id) => {
[7m [0m [91m                           ~[0m
[96msrc/services/user.service.ts[0m:[93m8[0m:[93m29[0m - [91merror[0m[90m TS1135: [0mArgument expression expected.

[7m8[0m const getUserById = async (::id) => {
[7m [0m [91m                            ~[0m
[96msrc/services/user.service.ts[0m:[93m8[0m:[93m34[0m - [91merror[0m[90m TS1005: [0m';' expected.

[7m8[0m const getUserById = async (::id) => {
[7m [0m [91m                                 ~~[0m

TSError: тип Unable to compile TypeScript:
[96msrc/services/user.service.ts[0m:[93m8[0m:[93m21[0m - [91merror[0m[90m TS2304: [0mCannot find name 'async'.

[7m8[0m const getUserById = async (::id) => {
[7m [0m [91m                    ~~~~~[0m
[96msrc/services/user.service.ts[0m:[93m8[0m:[93m30[0m - [91merror[0m[90m TS2304: [0mCannot find name 'id'.

[7m8[0m const getUserById = async (::id) => {
[7m [0m [91m                             ~~[0m
[96msrc/services/user.service.ts[0m:[93m11[0m:[93m18[0m - [91merror[0m[90m TS2304: [0mCannot find name 'id'.

[7m11[0m       id: Number(id),
[7m  [0m [91m                 ~~[0m
[96msrc/services/user.service.ts[0m:[93m8[0m:[93m28[0m - [91merror[0m[90m TS1135: [0mArgument expression expected.

[7m8[0m const getUserById = async (::id) => {
[7m [0m [91m                           ~[0m
[96msrc/services/user.service.ts[0m:[93m8[0m:[93m29[0m - [91merror[0m[90m TS1135: [0mArgument expression expected.

[7m8[0m const getUserById = async (::id) => {
[7m [0m [91m                            ~[0m
[96msrc/services/user.service.ts[0m:[93m8[0m:[93m34[0m - [91merror[0m[90m TS1005: [0m';' expected.

[7m8[0m const getUserById = async (::id) => {
[7m [0m [91m                                 ~~[0m

    at createTSError (C:\Users\fauzi\OneDrive\Desktop\task management app\task management app\node_modules\ts-node\src\index.ts:859:12)
    at reportTSError (C:\Users\fauzi\OneDrive\Desktop\task management app\task management app\node_modules\ts-node\src\index.ts:863:19)
    at getOutput (C:\Users\fauzi\OneDrive\Desktop\task management app\task management app\node_modules\ts-node\src\index.ts:1077:36)
    at Object.compile (C:\Users\fauzi\OneDrive\Desktop\task management app\task management app\node_modules\ts-node\src\index.ts:1433:41)
    at Module.m._compile (C:\Users\fauzi\OneDrive\Desktop\task management app\task management app\node_modules\ts-node\src\index.ts:1617:30)
    at Module._extensions..js (node:internal/modules/cjs/loader:1427:10)
    at Object.require.extensions.<computed> [as .ts] (C:\Users\fauzi\OneDrive\Desktop\task management app\task management app\node_modules\ts-node\src\index.ts:1621:12)
    at Module.load (node:internal/modules/cjs/loader:1206:32)
    at Function.Module._load (node:internal/modules/cjs/loader:1022:12)
    at Module.require (node:internal/modules/cjs/loader:1231:19)
2024-08-24 00:46:21:607 AM [LOGGER] error: uncaughtException: тип Unable to compile TypeScript:
[96msrc/services/user.service.ts[0m:[93m8[0m:[93m28[0m - [91merror[0m[90m TS7006: [0mParameter 'id' implicitly has an 'any' type.

[7m8[0m const getUserById = async (id) => {
[7m [0m [91m                           ~~[0m

TSError: тип Unable to compile TypeScript:
[96msrc/services/user.service.ts[0m:[93m8[0m:[93m28[0m - [91merror[0m[90m TS7006: [0mParameter 'id' implicitly has an 'any' type.

[7m8[0m const getUserById = async (id) => {
[7m [0m [91m                           ~~[0m

    at createTSError (C:\Users\fauzi\OneDrive\Desktop\task management app\task management app\node_modules\ts-node\src\index.ts:859:12)
    at reportTSError (C:\Users\fauzi\OneDrive\Desktop\task management app\task management app\node_modules\ts-node\src\index.ts:863:19)
    at getOutput (C:\Users\fauzi\OneDrive\Desktop\task management app\task management app\node_modules\ts-node\src\index.ts:1077:36)
    at Object.compile (C:\Users\fauzi\OneDrive\Desktop\task management app\task management app\node_modules\ts-node\src\index.ts:1433:41)
    at Module.m._compile (C:\Users\fauzi\OneDrive\Desktop\task management app\task management app\node_modules\ts-node\src\index.ts:1617:30)
    at Module._extensions..js (node:internal/modules/cjs/loader:1427:10)
    at Object.require.extensions.<computed> [as .ts] (C:\Users\fauzi\OneDrive\Desktop\task management app\task management app\node_modules\ts-node\src\index.ts:1621:12)
    at Module.load (node:internal/modules/cjs/loader:1206:32)
    at Function.Module._load (node:internal/modules/cjs/loader:1022:12)
    at Module.require (node:internal/modules/cjs/loader:1231:19)
2024-08-24 00:47:39:321 AM [LOGGER] error: uncaughtException: тип Unable to compile TypeScript:
[96msrc/services/user.service.ts[0m:[93m8[0m:[93m31[0m - [91merror[0m[90m TS1110: [0mType expected.

[7m8[0m const getUserById = async (id:) => {
[7m [0m [91m                              ~[0m

TSError: тип Unable to compile TypeScript:
[96msrc/services/user.service.ts[0m:[93m8[0m:[93m31[0m - [91merror[0m[90m TS1110: [0mType expected.

[7m8[0m const getUserById = async (id:) => {
[7m [0m [91m                              ~[0m

    at createTSError (C:\Users\fauzi\OneDrive\Desktop\task management app\task management app\node_modules\ts-node\src\index.ts:859:12)
    at reportTSError (C:\Users\fauzi\OneDrive\Desktop\task management app\task management app\node_modules\ts-node\src\index.ts:863:19)
    at getOutput (C:\Users\fauzi\OneDrive\Desktop\task management app\task management app\node_modules\ts-node\src\index.ts:1077:36)
    at Object.compile (C:\Users\fauzi\OneDrive\Desktop\task management app\task management app\node_modules\ts-node\src\index.ts:1433:41)
    at Module.m._compile (C:\Users\fauzi\OneDrive\Desktop\task management app\task management app\node_modules\ts-node\src\index.ts:1617:30)
    at Module._extensions..js (node:internal/modules/cjs/loader:1427:10)
    at Object.require.extensions.<computed> [as .ts] (C:\Users\fauzi\OneDrive\Desktop\task management app\task management app\node_modules\ts-node\src\index.ts:1621:12)
    at Module.load (node:internal/modules/cjs/loader:1206:32)
    at Function.Module._load (node:internal/modules/cjs/loader:1022:12)
    at Module.require (node:internal/modules/cjs/loader:1231:19)
2024-08-24 00:48:19:585 AM [LOGGER] error: uncaughtException: тип Unable to compile TypeScript:
[96msrc/controllers/user.controller.ts[0m:[93m16[0m:[93m23[0m - [91merror[0m[90m TS2304: [0mCannot find name 'userService'.

[7m16[0m   const users = await userService.getAllUser();
[7m  [0m [91m                      ~~~~~~~~~~~[0m
[96msrc/controllers/user.controller.ts[0m:[93m3[0m:[93m14[0m - [91merror[0m[90m TS1005: [0m'=' expected.

[7m3[0m import  from '../services/user.service';
[7m [0m [91m             ~~~~~~~~~~~~~~~~~~~~~~~~~~[0m

TSError: тип Unable to compile TypeScript:
[96msrc/controllers/user.controller.ts[0m:[93m16[0m:[93m23[0m - [91merror[0m[90m TS2304: [0mCannot find name 'userService'.

[7m16[0m   const users = await userService.getAllUser();
[7m  [0m [91m                      ~~~~~~~~~~~[0m
[96msrc/controllers/user.controller.ts[0m:[93m3[0m:[93m14[0m - [91merror[0m[90m TS1005: [0m'=' expected.

[7m3[0m import  from '../services/user.service';
[7m [0m [91m             ~~~~~~~~~~~~~~~~~~~~~~~~~~[0m

    at createTSError (C:\Users\fauzi\OneDrive\Desktop\task management app\task management app\node_modules\ts-node\src\index.ts:859:12)
    at reportTSError (C:\Users\fauzi\OneDrive\Desktop\task management app\task management app\node_modules\ts-node\src\index.ts:863:19)
    at getOutput (C:\Users\fauzi\OneDrive\Desktop\task management app\task management app\node_modules\ts-node\src\index.ts:1077:36)
    at Object.compile (C:\Users\fauzi\OneDrive\Desktop\task management app\task management app\node_modules\ts-node\src\index.ts:1433:41)
    at Module.m._compile (C:\Users\fauzi\OneDrive\Desktop\task management app\task management app\node_modules\ts-node\src\index.ts:1617:30)
    at Module._extensions..js (node:internal/modules/cjs/loader:1427:10)
    at Object.require.extensions.<computed> [as .ts] (C:\Users\fauzi\OneDrive\Desktop\task management app\task management app\node_modules\ts-node\src\index.ts:1621:12)
    at Module.load (node:internal/modules/cjs/loader:1206:32)
    at Function.Module._load (node:internal/modules/cjs/loader:1022:12)
    at Module.require (node:internal/modules/cjs/loader:1231:19)
2024-08-24 00:48:24:648 AM [LOGGER] error: uncaughtException: тип Unable to compile TypeScript:
[96msrc/controllers/user.controller.ts[0m:[93m3[0m:[93m14[0m - [91merror[0m[90m TS1005: [0m'=' expected.

[7m3[0m import  from '../services/user.service';
[7m [0m [91m             ~~~~~~~~~~~~~~~~~~~~~~~~~~[0m
[96msrc/controllers/user.controller.ts[0m:[93m16[0m:[93m23[0m - [91merror[0m[90m TS1109: [0mExpression expected.

[7m16[0m   const users = await ;
[7m  [0m [91m                      ~[0m

TSError: тип Unable to compile TypeScript:
[96msrc/controllers/user.controller.ts[0m:[93m3[0m:[93m14[0m - [91merror[0m[90m TS1005: [0m'=' expected.

[7m3[0m import  from '../services/user.service';
[7m [0m [91m             ~~~~~~~~~~~~~~~~~~~~~~~~~~[0m
[96msrc/controllers/user.controller.ts[0m:[93m16[0m:[93m23[0m - [91merror[0m[90m TS1109: [0mExpression expected.

[7m16[0m   const users = await ;
[7m  [0m [91m                      ~[0m

    at createTSError (C:\Users\fauzi\OneDrive\Desktop\task management app\task management app\node_modules\ts-node\src\index.ts:859:12)
    at reportTSError (C:\Users\fauzi\OneDrive\Desktop\task management app\task management app\node_modules\ts-node\src\index.ts:863:19)
    at getOutput (C:\Users\fauzi\OneDrive\Desktop\task management app\task management app\node_modules\ts-node\src\index.ts:1077:36)
    at Object.compile (C:\Users\fauzi\OneDrive\Desktop\task management app\task management app\node_modules\ts-node\src\index.ts:1433:41)
    at Module.m._compile (C:\Users\fauzi\OneDrive\Desktop\task management app\task management app\node_modules\ts-node\src\index.ts:1617:30)
    at Module._extensions..js (node:internal/modules/cjs/loader:1427:10)
    at Object.require.extensions.<computed> [as .ts] (C:\Users\fauzi\OneDrive\Desktop\task management app\task management app\node_modules\ts-node\src\index.ts:1621:12)
    at Module.load (node:internal/modules/cjs/loader:1206:32)
    at Function.Module._load (node:internal/modules/cjs/loader:1022:12)
    at Module.require (node:internal/modules/cjs/loader:1231:19)
2024-08-24 00:48:26:972 AM [LOGGER] error: uncaughtException: тип Unable to compile TypeScript:
[96msrc/controllers/user.controller.ts[0m:[93m16[0m:[93m23[0m - [91merror[0m[90m TS2304: [0mCannot find name 'get'.

[7m16[0m   const users = await get;
[7m  [0m [91m                      ~~~[0m
[96msrc/controllers/user.controller.ts[0m:[93m3[0m:[93m14[0m - [91merror[0m[90m TS1005: [0m'=' expected.

[7m3[0m import  from '../services/user.service';
[7m [0m [91m             ~~~~~~~~~~~~~~~~~~~~~~~~~~[0m

TSError: тип Unable to compile TypeScript:
[96msrc/controllers/user.controller.ts[0m:[93m16[0m:[93m23[0m - [91merror[0m[90m TS2304: [0mCannot find name 'get'.

[7m16[0m   const users = await get;
[7m  [0m [91m                      ~~~[0m
[96msrc/controllers/user.controller.ts[0m:[93m3[0m:[93m14[0m - [91merror[0m[90m TS1005: [0m'=' expected.

[7m3[0m import  from '../services/user.service';
[7m [0m [91m             ~~~~~~~~~~~~~~~~~~~~~~~~~~[0m

    at createTSError (C:\Users\fauzi\OneDrive\Desktop\task management app\task management app\node_modules\ts-node\src\index.ts:859:12)
    at reportTSError (C:\Users\fauzi\OneDrive\Desktop\task management app\task management app\node_modules\ts-node\src\index.ts:863:19)
    at getOutput (C:\Users\fauzi\OneDrive\Desktop\task management app\task management app\node_modules\ts-node\src\index.ts:1077:36)
    at Object.compile (C:\Users\fauzi\OneDrive\Desktop\task management app\task management app\node_modules\ts-node\src\index.ts:1433:41)
    at Module.m._compile (C:\Users\fauzi\OneDrive\Desktop\task management app\task management app\node_modules\ts-node\src\index.ts:1617:30)
    at Module._extensions..js (node:internal/modules/cjs/loader:1427:10)
    at Object.require.extensions.<computed> [as .ts] (C:\Users\fauzi\OneDrive\Desktop\task management app\task management app\node_modules\ts-node\src\index.ts:1621:12)
    at Module.load (node:internal/modules/cjs/loader:1206:32)
    at Function.Module._load (node:internal/modules/cjs/loader:1022:12)
    at Module.require (node:internal/modules/cjs/loader:1231:19)
2024-08-24 00:48:30:391 AM [LOGGER] error: uncaughtException: тип Unable to compile TypeScript:
[96msrc/controllers/user.controller.ts[0m:[93m16[0m:[93m23[0m - [91merror[0m[90m TS2304: [0mCannot find name 'getAll'.

[7m16[0m   const users = await getAll;
[7m  [0m [91m                      ~~~~~~[0m
[96msrc/controllers/user.controller.ts[0m:[93m3[0m:[93m14[0m - [91merror[0m[90m TS1005: [0m'=' expected.

[7m3[0m import  from '../services/user.service';
[7m [0m [91m             ~~~~~~~~~~~~~~~~~~~~~~~~~~[0m

TSError: тип Unable to compile TypeScript:
[96msrc/controllers/user.controller.ts[0m:[93m16[0m:[93m23[0m - [91merror[0m[90m TS2304: [0mCannot find name 'getAll'.

[7m16[0m   const users = await getAll;
[7m  [0m [91m                      ~~~~~~[0m
[96msrc/controllers/user.controller.ts[0m:[93m3[0m:[93m14[0m - [91merror[0m[90m TS1005: [0m'=' expected.

[7m3[0m import  from '../services/user.service';
[7m [0m [91m             ~~~~~~~~~~~~~~~~~~~~~~~~~~[0m

    at createTSError (C:\Users\fauzi\OneDrive\Desktop\task management app\task management app\node_modules\ts-node\src\index.ts:859:12)
    at reportTSError (C:\Users\fauzi\OneDrive\Desktop\task management app\task management app\node_modules\ts-node\src\index.ts:863:19)
    at getOutput (C:\Users\fauzi\OneDrive\Desktop\task management app\task management app\node_modules\ts-node\src\index.ts:1077:36)
    at Object.compile (C:\Users\fauzi\OneDrive\Desktop\task management app\task management app\node_modules\ts-node\src\index.ts:1433:41)
    at Module.m._compile (C:\Users\fauzi\OneDrive\Desktop\task management app\task management app\node_modules\ts-node\src\index.ts:1617:30)
    at Module._extensions..js (node:internal/modules/cjs/loader:1427:10)
    at Object.require.extensions.<computed> [as .ts] (C:\Users\fauzi\OneDrive\Desktop\task management app\task management app\node_modules\ts-node\src\index.ts:1621:12)
    at Module.load (node:internal/modules/cjs/loader:1206:32)
    at Function.Module._load (node:internal/modules/cjs/loader:1022:12)
    at Module.require (node:internal/modules/cjs/loader:1231:19)
2024-08-24 00:48:34:566 AM [LOGGER] error: uncaughtException: тип Unable to compile TypeScript:
[96msrc/controllers/user.controller.ts[0m:[93m16[0m:[93m23[0m - [91merror[0m[90m TS2304: [0mCannot find name 'getAllUser'.

[7m16[0m   const users = await getAllUser();
[7m  [0m [91m                      ~~~~~~~~~~[0m
[96msrc/controllers/user.controller.ts[0m:[93m3[0m:[93m14[0m - [91merror[0m[90m TS1005: [0m'=' expected.

[7m3[0m import  from '../services/user.service';
[7m [0m [91m             ~~~~~~~~~~~~~~~~~~~~~~~~~~[0m

TSError: тип Unable to compile TypeScript:
[96msrc/controllers/user.controller.ts[0m:[93m16[0m:[93m23[0m - [91merror[0m[90m TS2304: [0mCannot find name 'getAllUser'.

[7m16[0m   const users = await getAllUser();
[7m  [0m [91m                      ~~~~~~~~~~[0m
[96msrc/controllers/user.controller.ts[0m:[93m3[0m:[93m14[0m - [91merror[0m[90m TS1005: [0m'=' expected.

[7m3[0m import  from '../services/user.service';
[7m [0m [91m             ~~~~~~~~~~~~~~~~~~~~~~~~~~[0m

    at createTSError (C:\Users\fauzi\OneDrive\Desktop\task management app\task management app\node_modules\ts-node\src\index.ts:859:12)
    at reportTSError (C:\Users\fauzi\OneDrive\Desktop\task management app\task management app\node_modules\ts-node\src\index.ts:863:19)
    at getOutput (C:\Users\fauzi\OneDrive\Desktop\task management app\task management app\node_modules\ts-node\src\index.ts:1077:36)
    at Object.compile (C:\Users\fauzi\OneDrive\Desktop\task management app\task management app\node_modules\ts-node\src\index.ts:1433:41)
    at Module.m._compile (C:\Users\fauzi\OneDrive\Desktop\task management app\task management app\node_modules\ts-node\src\index.ts:1617:30)
    at Module._extensions..js (node:internal/modules/cjs/loader:1427:10)
    at Object.require.extensions.<computed> [as .ts] (C:\Users\fauzi\OneDrive\Desktop\task management app\task management app\node_modules\ts-node\src\index.ts:1621:12)
    at Module.load (node:internal/modules/cjs/loader:1206:32)
    at Function.Module._load (node:internal/modules/cjs/loader:1022:12)
    at Module.require (node:internal/modules/cjs/loader:1231:19)
2024-08-24 00:48:37:342 AM [LOGGER] error: uncaughtException: тип Unable to compile TypeScript:
[96msrc/controllers/user.controller.ts[0m:[93m17[0m:[93m12[0m - [91merror[0m[90m TS2448: [0mBlock-scoped variable 'users' used before its declaration.

[7m17[0m   res.send(users);
[7m  [0m [91m           ~~~~~[0m

  [96msrc/controllers/user.controller.ts[0m:[93m16[0m:[93m9[0m
    [7m16[0m   const users = await
    [7m  [0m [96m        ~~~~~[0m
    'users' is declared here.
[96msrc/controllers/user.controller.ts[0m:[93m17[0m:[93m12[0m - [91merror[0m[90m TS2454: [0mVariable 'users' is used before being assigned.

[7m17[0m   res.send(users);
[7m  [0m [91m           ~~~~~[0m
[96msrc/controllers/user.controller.ts[0m:[93m3[0m:[93m14[0m - [91merror[0m[90m TS1005: [0m'=' expected.

[7m3[0m import  from '../services/user.service';
[7m [0m [91m             ~~~~~~~~~~~~~~~~~~~~~~~~~~[0m

TSError: тип Unable to compile TypeScript:
[96msrc/controllers/user.controller.ts[0m:[93m17[0m:[93m12[0m - [91merror[0m[90m TS2448: [0mBlock-scoped variable 'users' used before its declaration.

[7m17[0m   res.send(users);
[7m  [0m [91m           ~~~~~[0m

  [96msrc/controllers/user.controller.ts[0m:[93m16[0m:[93m9[0m
    [7m16[0m   const users = await
    [7m  [0m [96m        ~~~~~[0m
    'users' is declared here.
[96msrc/controllers/user.controller.ts[0m:[93m17[0m:[93m12[0m - [91merror[0m[90m TS2454: [0mVariable 'users' is used before being assigned.

[7m17[0m   res.send(users);
[7m  [0m [91m           ~~~~~[0m
[96msrc/controllers/user.controller.ts[0m:[93m3[0m:[93m14[0m - [91merror[0m[90m TS1005: [0m'=' expected.

[7m3[0m import  from '../services/user.service';
[7m [0m [91m             ~~~~~~~~~~~~~~~~~~~~~~~~~~[0m

    at createTSError (C:\Users\fauzi\OneDrive\Desktop\task management app\task management app\node_modules\ts-node\src\index.ts:859:12)
    at reportTSError (C:\Users\fauzi\OneDrive\Desktop\task management app\task management app\node_modules\ts-node\src\index.ts:863:19)
    at getOutput (C:\Users\fauzi\OneDrive\Desktop\task management app\task management app\node_modules\ts-node\src\index.ts:1077:36)
    at Object.compile (C:\Users\fauzi\OneDrive\Desktop\task management app\task management app\node_modules\ts-node\src\index.ts:1433:41)
    at Module.m._compile (C:\Users\fauzi\OneDrive\Desktop\task management app\task management app\node_modules\ts-node\src\index.ts:1617:30)
    at Module._extensions..js (node:internal/modules/cjs/loader:1427:10)
    at Object.require.extensions.<computed> [as .ts] (C:\Users\fauzi\OneDrive\Desktop\task management app\task management app\node_modules\ts-node\src\index.ts:1621:12)
    at Module.load (node:internal/modules/cjs/loader:1206:32)
    at Function.Module._load (node:internal/modules/cjs/loader:1022:12)
    at Module.require (node:internal/modules/cjs/loader:1231:19)
2024-08-24 00:48:57:017 AM [LOGGER] error: uncaughtException: тип Unable to compile TypeScript:
[96msrc/controllers/user.controller.ts[0m:[93m17[0m:[93m12[0m - [91merror[0m[90m TS2448: [0mBlock-scoped variable 'users' used before its declaration.

[7m17[0m   res.send(users);
[7m  [0m [91m           ~~~~~[0m

  [96msrc/controllers/user.controller.ts[0m:[93m16[0m:[93m9[0m
    [7m16[0m   const users = await
    [7m  [0m [96m        ~~~~~[0m
    'users' is declared here.
[96msrc/controllers/user.controller.ts[0m:[93m17[0m:[93m12[0m - [91merror[0m[90m TS2454: [0mVariable 'users' is used before being assigned.

[7m17[0m   res.send(users);
[7m  [0m [91m           ~~~~~[0m

TSError: тип Unable to compile TypeScript:
[96msrc/controllers/user.controller.ts[0m:[93m17[0m:[93m12[0m - [91merror[0m[90m TS2448: [0mBlock-scoped variable 'users' used before its declaration.

[7m17[0m   res.send(users);
[7m  [0m [91m           ~~~~~[0m

  [96msrc/controllers/user.controller.ts[0m:[93m16[0m:[93m9[0m
    [7m16[0m   const users = await
    [7m  [0m [96m        ~~~~~[0m
    'users' is declared here.
[96msrc/controllers/user.controller.ts[0m:[93m17[0m:[93m12[0m - [91merror[0m[90m TS2454: [0mVariable 'users' is used before being assigned.

[7m17[0m   res.send(users);
[7m  [0m [91m           ~~~~~[0m

    at createTSError (C:\Users\fauzi\OneDrive\Desktop\task management app\task management app\node_modules\ts-node\src\index.ts:859:12)
    at reportTSError (C:\Users\fauzi\OneDrive\Desktop\task management app\task management app\node_modules\ts-node\src\index.ts:863:19)
    at getOutput (C:\Users\fauzi\OneDrive\Desktop\task management app\task management app\node_modules\ts-node\src\index.ts:1077:36)
    at Object.compile (C:\Users\fauzi\OneDrive\Desktop\task management app\task management app\node_modules\ts-node\src\index.ts:1433:41)
    at Module.m._compile (C:\Users\fauzi\OneDrive\Desktop\task management app\task management app\node_modules\ts-node\src\index.ts:1617:30)
    at Module._extensions..js (node:internal/modules/cjs/loader:1427:10)
    at Object.require.extensions.<computed> [as .ts] (C:\Users\fauzi\OneDrive\Desktop\task management app\task management app\node_modules\ts-node\src\index.ts:1621:12)
    at Module.load (node:internal/modules/cjs/loader:1206:32)
    at Function.Module._load (node:internal/modules/cjs/loader:1022:12)
    at Module.require (node:internal/modules/cjs/loader:1231:19)
2024-08-24 00:49:01:020 AM [LOGGER] error: uncaughtException: тип Unable to compile TypeScript:
[96msrc/controllers/user.controller.ts[0m:[93m3[0m:[93m1[0m - [91merror[0m[90m TS6133: [0m'user' is declared but its value is never read.

[7m3[0m import {user} from '../services/user.service';
[7m [0m [91m~~~~~~~~~~~~~~~~~~~~~~~~~~~~~~~~~~~~~~~~~~~~~~[0m
[96msrc/controllers/user.controller.ts[0m:[93m3[0m:[93m9[0m - [91merror[0m[90m TS2614: [0mModule '"../services/user.service"' has no exported member 'user'. Did you mean to use 'import user from "../services/user.service"' instead?

[7m3[0m import {user} from '../services/user.service';
[7m [0m [91m        ~~~~[0m
[96msrc/controllers/user.controller.ts[0m:[93m17[0m:[93m12[0m - [91merror[0m[90m TS2448: [0mBlock-scoped variable 'users' used before its declaration.

[7m17[0m   res.send(users);
[7m  [0m [91m           ~~~~~[0m

  [96msrc/controllers/user.controller.ts[0m:[93m16[0m:[93m9[0m
    [7m16[0m   const users = await
    [7m  [0m [96m        ~~~~~[0m
    'users' is declared here.
[96msrc/controllers/user.controller.ts[0m:[93m17[0m:[93m12[0m - [91merror[0m[90m TS2454: [0mVariable 'users' is used before being assigned.

[7m17[0m   res.send(users);
[7m  [0m [91m           ~~~~~[0m

TSError: тип Unable to compile TypeScript:
[96msrc/controllers/user.controller.ts[0m:[93m3[0m:[93m1[0m - [91merror[0m[90m TS6133: [0m'user' is declared but its value is never read.

[7m3[0m import {user} from '../services/user.service';
[7m [0m [91m~~~~~~~~~~~~~~~~~~~~~~~~~~~~~~~~~~~~~~~~~~~~~~[0m
[96msrc/controllers/user.controller.ts[0m:[93m3[0m:[93m9[0m - [91merror[0m[90m TS2614: [0mModule '"../services/user.service"' has no exported member 'user'. Did you mean to use 'import user from "../services/user.service"' instead?

[7m3[0m import {user} from '../services/user.service';
[7m [0m [91m        ~~~~[0m
[96msrc/controllers/user.controller.ts[0m:[93m17[0m:[93m12[0m - [91merror[0m[90m TS2448: [0mBlock-scoped variable 'users' used before its declaration.

[7m17[0m   res.send(users);
[7m  [0m [91m           ~~~~~[0m

  [96msrc/controllers/user.controller.ts[0m:[93m16[0m:[93m9[0m
    [7m16[0m   const users = await
    [7m  [0m [96m        ~~~~~[0m
    'users' is declared here.
[96msrc/controllers/user.controller.ts[0m:[93m17[0m:[93m12[0m - [91merror[0m[90m TS2454: [0mVariable 'users' is used before being assigned.

[7m17[0m   res.send(users);
[7m  [0m [91m           ~~~~~[0m

    at createTSError (C:\Users\fauzi\OneDrive\Desktop\task management app\task management app\node_modules\ts-node\src\index.ts:859:12)
    at reportTSError (C:\Users\fauzi\OneDrive\Desktop\task management app\task management app\node_modules\ts-node\src\index.ts:863:19)
    at getOutput (C:\Users\fauzi\OneDrive\Desktop\task management app\task management app\node_modules\ts-node\src\index.ts:1077:36)
    at Object.compile (C:\Users\fauzi\OneDrive\Desktop\task management app\task management app\node_modules\ts-node\src\index.ts:1433:41)
    at Module.m._compile (C:\Users\fauzi\OneDrive\Desktop\task management app\task management app\node_modules\ts-node\src\index.ts:1617:30)
    at Module._extensions..js (node:internal/modules/cjs/loader:1427:10)
    at Object.require.extensions.<computed> [as .ts] (C:\Users\fauzi\OneDrive\Desktop\task management app\task management app\node_modules\ts-node\src\index.ts:1621:12)
    at Module.load (node:internal/modules/cjs/loader:1206:32)
    at Function.Module._load (node:internal/modules/cjs/loader:1022:12)
    at Module.require (node:internal/modules/cjs/loader:1231:19)
2024-08-24 00:49:06:918 AM [LOGGER] error: uncaughtException: тип Unable to compile TypeScript:
[96msrc/controllers/user.controller.ts[0m:[93m3[0m:[93m1[0m - [91merror[0m[90m TS6133: [0m'getAllUser' is declared but its value is never read.

[7m3[0m import {getAllUser} from '../services/user.service';
[7m [0m [91m~~~~~~~~~~~~~~~~~~~~~~~~~~~~~~~~~~~~~~~~~~~~~~~~~~~~[0m
[96msrc/controllers/user.controller.ts[0m:[93m3[0m:[93m9[0m - [91merror[0m[90m TS2614: [0mModule '"../services/user.service"' has no exported member 'getAllUser'. Did you mean to use 'import getAllUser from "../services/user.service"' instead?

[7m3[0m import {getAllUser} from '../services/user.service';
[7m [0m [91m        ~~~~~~~~~~[0m
[96msrc/controllers/user.controller.ts[0m:[93m17[0m:[93m12[0m - [91merror[0m[90m TS2448: [0mBlock-scoped variable 'users' used before its declaration.

[7m17[0m   res.send(users);
[7m  [0m [91m           ~~~~~[0m

  [96msrc/controllers/user.controller.ts[0m:[93m16[0m:[93m9[0m
    [7m16[0m   const users = await
    [7m  [0m [96m        ~~~~~[0m
    'users' is declared here.
[96msrc/controllers/user.controller.ts[0m:[93m17[0m:[93m12[0m - [91merror[0m[90m TS2454: [0mVariable 'users' is used before being assigned.

[7m17[0m   res.send(users);
[7m  [0m [91m           ~~~~~[0m

TSError: тип Unable to compile TypeScript:
[96msrc/controllers/user.controller.ts[0m:[93m3[0m:[93m1[0m - [91merror[0m[90m TS6133: [0m'getAllUser' is declared but its value is never read.

[7m3[0m import {getAllUser} from '../services/user.service';
[7m [0m [91m~~~~~~~~~~~~~~~~~~~~~~~~~~~~~~~~~~~~~~~~~~~~~~~~~~~~[0m
[96msrc/controllers/user.controller.ts[0m:[93m3[0m:[93m9[0m - [91merror[0m[90m TS2614: [0mModule '"../services/user.service"' has no exported member 'getAllUser'. Did you mean to use 'import getAllUser from "../services/user.service"' instead?

[7m3[0m import {getAllUser} from '../services/user.service';
[7m [0m [91m        ~~~~~~~~~~[0m
[96msrc/controllers/user.controller.ts[0m:[93m17[0m:[93m12[0m - [91merror[0m[90m TS2448: [0mBlock-scoped variable 'users' used before its declaration.

[7m17[0m   res.send(users);
[7m  [0m [91m           ~~~~~[0m

  [96msrc/controllers/user.controller.ts[0m:[93m16[0m:[93m9[0m
    [7m16[0m   const users = await
    [7m  [0m [96m        ~~~~~[0m
    'users' is declared here.
[96msrc/controllers/user.controller.ts[0m:[93m17[0m:[93m12[0m - [91merror[0m[90m TS2454: [0mVariable 'users' is used before being assigned.

[7m17[0m   res.send(users);
[7m  [0m [91m           ~~~~~[0m

    at createTSError (C:\Users\fauzi\OneDrive\Desktop\task management app\task management app\node_modules\ts-node\src\index.ts:859:12)
    at reportTSError (C:\Users\fauzi\OneDrive\Desktop\task management app\task management app\node_modules\ts-node\src\index.ts:863:19)
    at getOutput (C:\Users\fauzi\OneDrive\Desktop\task management app\task management app\node_modules\ts-node\src\index.ts:1077:36)
    at Object.compile (C:\Users\fauzi\OneDrive\Desktop\task management app\task management app\node_modules\ts-node\src\index.ts:1433:41)
    at Module.m._compile (C:\Users\fauzi\OneDrive\Desktop\task management app\task management app\node_modules\ts-node\src\index.ts:1617:30)
    at Module._extensions..js (node:internal/modules/cjs/loader:1427:10)
    at Object.require.extensions.<computed> [as .ts] (C:\Users\fauzi\OneDrive\Desktop\task management app\task management app\node_modules\ts-node\src\index.ts:1621:12)
    at Module.load (node:internal/modules/cjs/loader:1206:32)
    at Function.Module._load (node:internal/modules/cjs/loader:1022:12)
    at Module.require (node:internal/modules/cjs/loader:1231:19)
2024-08-24 00:49:30:969 AM [LOGGER] error: uncaughtException: тип Unable to compile TypeScript:
[96msrc/controllers/user.controller.ts[0m:[93m17[0m:[93m12[0m - [91merror[0m[90m TS2448: [0mBlock-scoped variable 'users' used before its declaration.

[7m17[0m   res.send(users);
[7m  [0m [91m           ~~~~~[0m

  [96msrc/controllers/user.controller.ts[0m:[93m16[0m:[93m9[0m
    [7m16[0m   const users = await
    [7m  [0m [96m        ~~~~~[0m
    'users' is declared here.
[96msrc/controllers/user.controller.ts[0m:[93m17[0m:[93m12[0m - [91merror[0m[90m TS2454: [0mVariable 'users' is used before being assigned.

[7m17[0m   res.send(users);
[7m  [0m [91m           ~~~~~[0m
[96msrc/controllers/user.controller.ts[0m:[93m3[0m:[93m14[0m - [91merror[0m[90m TS1005: [0m'=' expected.

[7m3[0m import  from '../services/user.service';
[7m [0m [91m             ~~~~~~~~~~~~~~~~~~~~~~~~~~[0m

TSError: тип Unable to compile TypeScript:
[96msrc/controllers/user.controller.ts[0m:[93m17[0m:[93m12[0m - [91merror[0m[90m TS2448: [0mBlock-scoped variable 'users' used before its declaration.

[7m17[0m   res.send(users);
[7m  [0m [91m           ~~~~~[0m

  [96msrc/controllers/user.controller.ts[0m:[93m16[0m:[93m9[0m
    [7m16[0m   const users = await
    [7m  [0m [96m        ~~~~~[0m
    'users' is declared here.
[96msrc/controllers/user.controller.ts[0m:[93m17[0m:[93m12[0m - [91merror[0m[90m TS2454: [0mVariable 'users' is used before being assigned.

[7m17[0m   res.send(users);
[7m  [0m [91m           ~~~~~[0m
[96msrc/controllers/user.controller.ts[0m:[93m3[0m:[93m14[0m - [91merror[0m[90m TS1005: [0m'=' expected.

[7m3[0m import  from '../services/user.service';
[7m [0m [91m             ~~~~~~~~~~~~~~~~~~~~~~~~~~[0m

    at createTSError (C:\Users\fauzi\OneDrive\Desktop\task management app\task management app\node_modules\ts-node\src\index.ts:859:12)
    at reportTSError (C:\Users\fauzi\OneDrive\Desktop\task management app\task management app\node_modules\ts-node\src\index.ts:863:19)
    at getOutput (C:\Users\fauzi\OneDrive\Desktop\task management app\task management app\node_modules\ts-node\src\index.ts:1077:36)
    at Object.compile (C:\Users\fauzi\OneDrive\Desktop\task management app\task management app\node_modules\ts-node\src\index.ts:1433:41)
    at Module.m._compile (C:\Users\fauzi\OneDrive\Desktop\task management app\task management app\node_modules\ts-node\src\index.ts:1617:30)
    at Module._extensions..js (node:internal/modules/cjs/loader:1427:10)
    at Object.require.extensions.<computed> [as .ts] (C:\Users\fauzi\OneDrive\Desktop\task management app\task management app\node_modules\ts-node\src\index.ts:1621:12)
    at Module.load (node:internal/modules/cjs/loader:1206:32)
    at Function.Module._load (node:internal/modules/cjs/loader:1022:12)
    at Module.require (node:internal/modules/cjs/loader:1231:19)
2024-08-24 00:49:33:564 AM [LOGGER] error: uncaughtException: тип Unable to compile TypeScript:
[96msrc/controllers/user.controller.ts[0m:[93m3[0m:[93m1[0m - [91merror[0m[90m TS6133: [0m'userService' is declared but its value is never read.

[7m3[0m import userService from '../services/user.service';
[7m [0m [91m~~~~~~~~~~~~~~~~~~~~~~~~~~~~~~~~~~~~~~~~~~~~~~~~~~~[0m
[96msrc/controllers/user.controller.ts[0m:[93m17[0m:[93m12[0m - [91merror[0m[90m TS2448: [0mBlock-scoped variable 'users' used before its declaration.

[7m17[0m   res.send(users);
[7m  [0m [91m           ~~~~~[0m

  [96msrc/controllers/user.controller.ts[0m:[93m16[0m:[93m9[0m
    [7m16[0m   const users = await
    [7m  [0m [96m        ~~~~~[0m
    'users' is declared here.
[96msrc/controllers/user.controller.ts[0m:[93m17[0m:[93m12[0m - [91merror[0m[90m TS2454: [0mVariable 'users' is used before being assigned.

[7m17[0m   res.send(users);
[7m  [0m [91m           ~~~~~[0m

TSError: тип Unable to compile TypeScript:
[96msrc/controllers/user.controller.ts[0m:[93m3[0m:[93m1[0m - [91merror[0m[90m TS6133: [0m'userService' is declared but its value is never read.

[7m3[0m import userService from '../services/user.service';
[7m [0m [91m~~~~~~~~~~~~~~~~~~~~~~~~~~~~~~~~~~~~~~~~~~~~~~~~~~~[0m
[96msrc/controllers/user.controller.ts[0m:[93m17[0m:[93m12[0m - [91merror[0m[90m TS2448: [0mBlock-scoped variable 'users' used before its declaration.

[7m17[0m   res.send(users);
[7m  [0m [91m           ~~~~~[0m

  [96msrc/controllers/user.controller.ts[0m:[93m16[0m:[93m9[0m
    [7m16[0m   const users = await
    [7m  [0m [96m        ~~~~~[0m
    'users' is declared here.
[96msrc/controllers/user.controller.ts[0m:[93m17[0m:[93m12[0m - [91merror[0m[90m TS2454: [0mVariable 'users' is used before being assigned.

[7m17[0m   res.send(users);
[7m  [0m [91m           ~~~~~[0m

    at createTSError (C:\Users\fauzi\OneDrive\Desktop\task management app\task management app\node_modules\ts-node\src\index.ts:859:12)
    at reportTSError (C:\Users\fauzi\OneDrive\Desktop\task management app\task management app\node_modules\ts-node\src\index.ts:863:19)
    at getOutput (C:\Users\fauzi\OneDrive\Desktop\task management app\task management app\node_modules\ts-node\src\index.ts:1077:36)
    at Object.compile (C:\Users\fauzi\OneDrive\Desktop\task management app\task management app\node_modules\ts-node\src\index.ts:1433:41)
    at Module.m._compile (C:\Users\fauzi\OneDrive\Desktop\task management app\task management app\node_modules\ts-node\src\index.ts:1617:30)
    at Module._extensions..js (node:internal/modules/cjs/loader:1427:10)
    at Object.require.extensions.<computed> [as .ts] (C:\Users\fauzi\OneDrive\Desktop\task management app\task management app\node_modules\ts-node\src\index.ts:1621:12)
    at Module.load (node:internal/modules/cjs/loader:1206:32)
    at Function.Module._load (node:internal/modules/cjs/loader:1022:12)
    at Module.require (node:internal/modules/cjs/loader:1231:19)
2024-08-24 00:50:07:788 AM [LOGGER] error: uncaughtException: тип Unable to compile TypeScript:
[96msrc/controllers/user.controller.ts[0m:[93m20[0m:[93m7[0m - [91merror[0m[90m TS1155: [0m'const' declarations must be initialized.

[7m20[0m const user
[7m  [0m [91m      ~~~~[0m
[96msrc/controllers/user.controller.ts[0m:[93m20[0m:[93m7[0m - [91merror[0m[90m TS6133: [0m'user' is declared but its value is never read.

[7m20[0m const user
[7m  [0m [91m      ~~~~[0m
[96msrc/controllers/user.controller.ts[0m:[93m20[0m:[93m7[0m - [91merror[0m[90m TS7005: [0mVariable 'user' implicitly has an 'any' type.

[7m20[0m const user
[7m  [0m [91m      ~~~~[0m

TSError: тип Unable to compile TypeScript:
[96msrc/controllers/user.controller.ts[0m:[93m20[0m:[93m7[0m - [91merror[0m[90m TS1155: [0m'const' declarations must be initialized.

[7m20[0m const user
[7m  [0m [91m      ~~~~[0m
[96msrc/controllers/user.controller.ts[0m:[93m20[0m:[93m7[0m - [91merror[0m[90m TS6133: [0m'user' is declared but its value is never read.

[7m20[0m const user
[7m  [0m [91m      ~~~~[0m
[96msrc/controllers/user.controller.ts[0m:[93m20[0m:[93m7[0m - [91merror[0m[90m TS7005: [0mVariable 'user' implicitly has an 'any' type.

[7m20[0m const user
[7m  [0m [91m      ~~~~[0m

    at createTSError (C:\Users\fauzi\OneDrive\Desktop\task management app\task management app\node_modules\ts-node\src\index.ts:859:12)
    at reportTSError (C:\Users\fauzi\OneDrive\Desktop\task management app\task management app\node_modules\ts-node\src\index.ts:863:19)
    at getOutput (C:\Users\fauzi\OneDrive\Desktop\task management app\task management app\node_modules\ts-node\src\index.ts:1077:36)
    at Object.compile (C:\Users\fauzi\OneDrive\Desktop\task management app\task management app\node_modules\ts-node\src\index.ts:1433:41)
    at Module.m._compile (C:\Users\fauzi\OneDrive\Desktop\task management app\task management app\node_modules\ts-node\src\index.ts:1617:30)
    at Module._extensions..js (node:internal/modules/cjs/loader:1427:10)
    at Object.require.extensions.<computed> [as .ts] (C:\Users\fauzi\OneDrive\Desktop\task management app\task management app\node_modules\ts-node\src\index.ts:1621:12)
    at Module.load (node:internal/modules/cjs/loader:1206:32)
    at Function.Module._load (node:internal/modules/cjs/loader:1022:12)
    at Module.require (node:internal/modules/cjs/loader:1231:19)
2024-08-24 00:50:38:957 AM [LOGGER] error: uncaughtException: тип Unable to compile TypeScript:
[96msrc/controllers/user.controller.ts[0m:[93m15[0m:[93m7[0m - [91merror[0m[90m TS6133: [0m'userControllerFindMany' is declared but its value is never read.

[7m15[0m const userControllerFindMany = async (_req: Request, res: Response) => {
[7m  [0m [91m      ~~~~~~~~~~~~~~~~~~~~~~[0m
[96msrc/controllers/user.controller.ts[0m:[93m22[0m:[93m16[0m - [91merror[0m[90m TS2304: [0mCannot find name 'userController'.

[7m22[0m export default userController;
[7m  [0m [91m               ~~~~~~~~~~~~~~[0m

TSError: тип Unable to compile TypeScript:
[96msrc/controllers/user.controller.ts[0m:[93m15[0m:[93m7[0m - [91merror[0m[90m TS6133: [0m'userControllerFindMany' is declared but its value is never read.

[7m15[0m const userControllerFindMany = async (_req: Request, res: Response) => {
[7m  [0m [91m      ~~~~~~~~~~~~~~~~~~~~~~[0m
[96msrc/controllers/user.controller.ts[0m:[93m22[0m:[93m16[0m - [91merror[0m[90m TS2304: [0mCannot find name 'userController'.

[7m22[0m export default userController;
[7m  [0m [91m               ~~~~~~~~~~~~~~[0m

    at createTSError (C:\Users\fauzi\OneDrive\Desktop\task management app\task management app\node_modules\ts-node\src\index.ts:859:12)
    at reportTSError (C:\Users\fauzi\OneDrive\Desktop\task management app\task management app\node_modules\ts-node\src\index.ts:863:19)
    at getOutput (C:\Users\fauzi\OneDrive\Desktop\task management app\task management app\node_modules\ts-node\src\index.ts:1077:36)
    at Object.compile (C:\Users\fauzi\OneDrive\Desktop\task management app\task management app\node_modules\ts-node\src\index.ts:1433:41)
    at Module.m._compile (C:\Users\fauzi\OneDrive\Desktop\task management app\task management app\node_modules\ts-node\src\index.ts:1617:30)
    at Module._extensions..js (node:internal/modules/cjs/loader:1427:10)
    at Object.require.extensions.<computed> [as .ts] (C:\Users\fauzi\OneDrive\Desktop\task management app\task management app\node_modules\ts-node\src\index.ts:1621:12)
    at Module.load (node:internal/modules/cjs/loader:1206:32)
    at Function.Module._load (node:internal/modules/cjs/loader:1022:12)
    at Module.require (node:internal/modules/cjs/loader:1231:19)
2024-08-24 00:51:05:200 AM [LOGGER] error: uncaughtException: тип Unable to compile TypeScript:
[96msrc/controllers/user.controller.ts[0m:[93m15[0m:[93m10[0m - [91merror[0m[90m TS7005: [0mVariable 'async' implicitly has an 'any' type.

[7m15[0m const  = async (_req: Request, res: Response) => {
[7m  [0m [91m         ~~~~~[0m
[96msrc/controllers/user.controller.ts[0m:[93m22[0m:[93m16[0m - [91merror[0m[90m TS2304: [0mCannot find name 'userController'.

[7m22[0m export default userController;
[7m  [0m [91m               ~~~~~~~~~~~~~~[0m
[96msrc/controllers/user.controller.ts[0m:[93m15[0m:[93m8[0m - [91merror[0m[90m TS1134: [0mVariable declaration expected.

[7m15[0m const  = async (_req: Request, res: Response) => {
[7m  [0m [91m       ~[0m
[96msrc/controllers/user.controller.ts[0m:[93m15[0m:[93m16[0m - [91merror[0m[90m TS1005: [0m',' expected.

[7m15[0m const  = async (_req: Request, res: Response) => {
[7m  [0m [91m               ~[0m

TSError: тип Unable to compile TypeScript:
[96msrc/controllers/user.controller.ts[0m:[93m15[0m:[93m10[0m - [91merror[0m[90m TS7005: [0mVariable 'async' implicitly has an 'any' type.

[7m15[0m const  = async (_req: Request, res: Response) => {
[7m  [0m [91m         ~~~~~[0m
[96msrc/controllers/user.controller.ts[0m:[93m22[0m:[93m16[0m - [91merror[0m[90m TS2304: [0mCannot find name 'userController'.

[7m22[0m export default userController;
[7m  [0m [91m               ~~~~~~~~~~~~~~[0m
[96msrc/controllers/user.controller.ts[0m:[93m15[0m:[93m8[0m - [91merror[0m[90m TS1134: [0mVariable declaration expected.

[7m15[0m const  = async (_req: Request, res: Response) => {
[7m  [0m [91m       ~[0m
[96msrc/controllers/user.controller.ts[0m:[93m15[0m:[93m16[0m - [91merror[0m[90m TS1005: [0m',' expected.

[7m15[0m const  = async (_req: Request, res: Response) => {
[7m  [0m [91m               ~[0m

    at createTSError (C:\Users\fauzi\OneDrive\Desktop\task management app\task management app\node_modules\ts-node\src\index.ts:859:12)
    at reportTSError (C:\Users\fauzi\OneDrive\Desktop\task management app\task management app\node_modules\ts-node\src\index.ts:863:19)
    at getOutput (C:\Users\fauzi\OneDrive\Desktop\task management app\task management app\node_modules\ts-node\src\index.ts:1077:36)
    at Object.compile (C:\Users\fauzi\OneDrive\Desktop\task management app\task management app\node_modules\ts-node\src\index.ts:1433:41)
    at Module.m._compile (C:\Users\fauzi\OneDrive\Desktop\task management app\task management app\node_modules\ts-node\src\index.ts:1617:30)
    at Module._extensions..js (node:internal/modules/cjs/loader:1427:10)
    at Object.require.extensions.<computed> [as .ts] (C:\Users\fauzi\OneDrive\Desktop\task management app\task management app\node_modules\ts-node\src\index.ts:1621:12)
    at Module.load (node:internal/modules/cjs/loader:1206:32)
    at Function.Module._load (node:internal/modules/cjs/loader:1022:12)
    at Module.require (node:internal/modules/cjs/loader:1231:19)
2024-08-24 00:51:24:088 AM [LOGGER] error: uncaughtException: тип Unable to compile TypeScript:
[96msrc/controllers/user.controller.ts[0m:[93m3[0m:[93m9[0m - [91merror[0m[90m TS2614: [0mModule '"../services/user.service"' has no exported member 'userService'. Did you mean to use 'import userService from "../services/user.service"' instead?

[7m3[0m import {userService} from '../services/user.service';
[7m [0m [91m        ~~~~~~~~~~~[0m

TSError: тип Unable to compile TypeScript:
[96msrc/controllers/user.controller.ts[0m:[93m3[0m:[93m9[0m - [91merror[0m[90m TS2614: [0mModule '"../services/user.service"' has no exported member 'userService'. Did you mean to use 'import userService from "../services/user.service"' instead?

[7m3[0m import {userService} from '../services/user.service';
[7m [0m [91m        ~~~~~~~~~~~[0m

    at createTSError (C:\Users\fauzi\OneDrive\Desktop\task management app\task management app\node_modules\ts-node\src\index.ts:859:12)
    at reportTSError (C:\Users\fauzi\OneDrive\Desktop\task management app\task management app\node_modules\ts-node\src\index.ts:863:19)
    at getOutput (C:\Users\fauzi\OneDrive\Desktop\task management app\task management app\node_modules\ts-node\src\index.ts:1077:36)
    at Object.compile (C:\Users\fauzi\OneDrive\Desktop\task management app\task management app\node_modules\ts-node\src\index.ts:1433:41)
    at Module.m._compile (C:\Users\fauzi\OneDrive\Desktop\task management app\task management app\node_modules\ts-node\src\index.ts:1617:30)
    at Module._extensions..js (node:internal/modules/cjs/loader:1427:10)
    at Object.require.extensions.<computed> [as .ts] (C:\Users\fauzi\OneDrive\Desktop\task management app\task management app\node_modules\ts-node\src\index.ts:1621:12)
    at Module.load (node:internal/modules/cjs/loader:1206:32)
    at Function.Module._load (node:internal/modules/cjs/loader:1022:12)
    at Module.require (node:internal/modules/cjs/loader:1231:19)
2024-08-24 00:52:12:086 AM [LOGGER] error: uncaughtException: тип Unable to compile TypeScript:
[96msrc/controllers/user.controller.ts[0m:[93m15[0m:[93m7[0m - [91merror[0m[90m TS6133: [0m'userControllerFindMany' is declared but its value is never read.

[7m15[0m const userControllerFindMany = async (_req: Request, res: Response) => {
[7m  [0m [91m      ~~~~~~~~~~~~~~~~~~~~~~[0m
[96msrc/controllers/user.controller.ts[0m:[93m22[0m:[93m16[0m - [91merror[0m[90m TS2304: [0mCannot find name 'userController'.

[7m22[0m export default userController;
[7m  [0m [91m               ~~~~~~~~~~~~~~[0m

TSError: тип Unable to compile TypeScript:
[96msrc/controllers/user.controller.ts[0m:[93m15[0m:[93m7[0m - [91merror[0m[90m TS6133: [0m'userControllerFindMany' is declared but its value is never read.

[7m15[0m const userControllerFindMany = async (_req: Request, res: Response) => {
[7m  [0m [91m      ~~~~~~~~~~~~~~~~~~~~~~[0m
[96msrc/controllers/user.controller.ts[0m:[93m22[0m:[93m16[0m - [91merror[0m[90m TS2304: [0mCannot find name 'userController'.

[7m22[0m export default userController;
[7m  [0m [91m               ~~~~~~~~~~~~~~[0m

    at createTSError (C:\Users\fauzi\OneDrive\Desktop\task management app\task management app\node_modules\ts-node\src\index.ts:859:12)
    at reportTSError (C:\Users\fauzi\OneDrive\Desktop\task management app\task management app\node_modules\ts-node\src\index.ts:863:19)
    at getOutput (C:\Users\fauzi\OneDrive\Desktop\task management app\task management app\node_modules\ts-node\src\index.ts:1077:36)
    at Object.compile (C:\Users\fauzi\OneDrive\Desktop\task management app\task management app\node_modules\ts-node\src\index.ts:1433:41)
    at Module.m._compile (C:\Users\fauzi\OneDrive\Desktop\task management app\task management app\node_modules\ts-node\src\index.ts:1617:30)
    at Module._extensions..js (node:internal/modules/cjs/loader:1427:10)
    at Object.require.extensions.<computed> [as .ts] (C:\Users\fauzi\OneDrive\Desktop\task management app\task management app\node_modules\ts-node\src\index.ts:1621:12)
    at Module.load (node:internal/modules/cjs/loader:1206:32)
    at Function.Module._load (node:internal/modules/cjs/loader:1022:12)
    at Module.require (node:internal/modules/cjs/loader:1231:19)
2024-08-24 00:52:34:910 AM [LOGGER] error: uncaughtException: тип Unable to compile TypeScript:
[96msrc/routes/user.router.ts[0m:[93m6[0m:[93m25[0m - [91merror[0m[90m TS2304: [0mCannot find name 'userController'.

[7m6[0m userRouter.get('/user', userController);
[7m [0m [91m                        ~~~~~~~~~~~~~~[0m
[96msrc/routes/user.router.ts[0m:[93m2[0m:[93m15[0m - [91merror[0m[90m TS1005: [0m'=' expected.

[7m2[0m import   from '../controllers/user.controller';
[7m [0m [91m              ~~~~~~~~~~~~~~~~~~~~~~~~~~~~~~~~[0m

TSError: тип Unable to compile TypeScript:
[96msrc/routes/user.router.ts[0m:[93m6[0m:[93m25[0m - [91merror[0m[90m TS2304: [0mCannot find name 'userController'.

[7m6[0m userRouter.get('/user', userController);
[7m [0m [91m                        ~~~~~~~~~~~~~~[0m
[96msrc/routes/user.router.ts[0m:[93m2[0m:[93m15[0m - [91merror[0m[90m TS1005: [0m'=' expected.

[7m2[0m import   from '../controllers/user.controller';
[7m [0m [91m              ~~~~~~~~~~~~~~~~~~~~~~~~~~~~~~~~[0m

    at createTSError (C:\Users\fauzi\OneDrive\Desktop\task management app\task management app\node_modules\ts-node\src\index.ts:859:12)
    at reportTSError (C:\Users\fauzi\OneDrive\Desktop\task management app\task management app\node_modules\ts-node\src\index.ts:863:19)
    at getOutput (C:\Users\fauzi\OneDrive\Desktop\task management app\task management app\node_modules\ts-node\src\index.ts:1077:36)
    at Object.compile (C:\Users\fauzi\OneDrive\Desktop\task management app\task management app\node_modules\ts-node\src\index.ts:1433:41)
    at Module.m._compile (C:\Users\fauzi\OneDrive\Desktop\task management app\task management app\node_modules\ts-node\src\index.ts:1617:30)
    at Module._extensions..js (node:internal/modules/cjs/loader:1427:10)
    at Object.require.extensions.<computed> [as .ts] (C:\Users\fauzi\OneDrive\Desktop\task management app\task management app\node_modules\ts-node\src\index.ts:1621:12)
    at Module.load (node:internal/modules/cjs/loader:1206:32)
    at Function.Module._load (node:internal/modules/cjs/loader:1022:12)
    at Module.require (node:internal/modules/cjs/loader:1231:19)
2024-08-24 00:52:39:772 AM [LOGGER] error: uncaughtException: тип Unable to compile TypeScript:
[96msrc/routes/user.router.ts[0m:[93m2[0m:[93m1[0m - [91merror[0m[90m TS6133: [0m'userCon' is declared but its value is never read.

[7m2[0m import  userCon from '../controllers/user.controller';
[7m [0m [91m~~~~~~~~~~~~~~~~~~~~~~~~~~~~~~~~~~~~~~~~~~~~~~~~~~~~~~[0m
[96msrc/routes/user.router.ts[0m:[93m6[0m:[93m25[0m - [91merror[0m[90m TS2304: [0mCannot find name 'userController'.

[7m6[0m userRouter.get('/user', userController);
[7m [0m [91m                        ~~~~~~~~~~~~~~[0m

TSError: тип Unable to compile TypeScript:
[96msrc/routes/user.router.ts[0m:[93m2[0m:[93m1[0m - [91merror[0m[90m TS6133: [0m'userCon' is declared but its value is never read.

[7m2[0m import  userCon from '../controllers/user.controller';
[7m [0m [91m~~~~~~~~~~~~~~~~~~~~~~~~~~~~~~~~~~~~~~~~~~~~~~~~~~~~~~[0m
[96msrc/routes/user.router.ts[0m:[93m6[0m:[93m25[0m - [91merror[0m[90m TS2304: [0mCannot find name 'userController'.

[7m6[0m userRouter.get('/user', userController);
[7m [0m [91m                        ~~~~~~~~~~~~~~[0m

    at createTSError (C:\Users\fauzi\OneDrive\Desktop\task management app\task management app\node_modules\ts-node\src\index.ts:859:12)
    at reportTSError (C:\Users\fauzi\OneDrive\Desktop\task management app\task management app\node_modules\ts-node\src\index.ts:863:19)
    at getOutput (C:\Users\fauzi\OneDrive\Desktop\task management app\task management app\node_modules\ts-node\src\index.ts:1077:36)
    at Object.compile (C:\Users\fauzi\OneDrive\Desktop\task management app\task management app\node_modules\ts-node\src\index.ts:1433:41)
    at Module.m._compile (C:\Users\fauzi\OneDrive\Desktop\task management app\task management app\node_modules\ts-node\src\index.ts:1617:30)
    at Module._extensions..js (node:internal/modules/cjs/loader:1427:10)
    at Object.require.extensions.<computed> [as .ts] (C:\Users\fauzi\OneDrive\Desktop\task management app\task management app\node_modules\ts-node\src\index.ts:1621:12)
    at Module.load (node:internal/modules/cjs/loader:1206:32)
    at Function.Module._load (node:internal/modules/cjs/loader:1022:12)
    at Module.require (node:internal/modules/cjs/loader:1231:19)
2024-08-24 00:52:44:991 AM [LOGGER] error: uncaughtException: тип Unable to compile TypeScript:
[96msrc/routes/user.router.ts[0m:[93m2[0m:[93m1[0m - [91merror[0m[90m TS6133: [0m'userControllerFindMany' is declared but its value is never read.

[7m2[0m import  userControllerFindMany from '../controllers/user.controller';
[7m [0m [91m~~~~~~~~~~~~~~~~~~~~~~~~~~~~~~~~~~~~~~~~~~~~~~~~~~~~~~~~~~~~~~~~~~~~~[0m
[96msrc/routes/user.router.ts[0m:[93m6[0m:[93m25[0m - [91merror[0m[90m TS2304: [0mCannot find name 'userController'.

[7m6[0m userRouter.get('/user', userController);
[7m [0m [91m                        ~~~~~~~~~~~~~~[0m

TSError: тип Unable to compile TypeScript:
[96msrc/routes/user.router.ts[0m:[93m2[0m:[93m1[0m - [91merror[0m[90m TS6133: [0m'userControllerFindMany' is declared but its value is never read.

[7m2[0m import  userControllerFindMany from '../controllers/user.controller';
[7m [0m [91m~~~~~~~~~~~~~~~~~~~~~~~~~~~~~~~~~~~~~~~~~~~~~~~~~~~~~~~~~~~~~~~~~~~~~[0m
[96msrc/routes/user.router.ts[0m:[93m6[0m:[93m25[0m - [91merror[0m[90m TS2304: [0mCannot find name 'userController'.

[7m6[0m userRouter.get('/user', userController);
[7m [0m [91m                        ~~~~~~~~~~~~~~[0m

    at createTSError (C:\Users\fauzi\OneDrive\Desktop\task management app\task management app\node_modules\ts-node\src\index.ts:859:12)
    at reportTSError (C:\Users\fauzi\OneDrive\Desktop\task management app\task management app\node_modules\ts-node\src\index.ts:863:19)
    at getOutput (C:\Users\fauzi\OneDrive\Desktop\task management app\task management app\node_modules\ts-node\src\index.ts:1077:36)
    at Object.compile (C:\Users\fauzi\OneDrive\Desktop\task management app\task management app\node_modules\ts-node\src\index.ts:1433:41)
    at Module.m._compile (C:\Users\fauzi\OneDrive\Desktop\task management app\task management app\node_modules\ts-node\src\index.ts:1617:30)
    at Module._extensions..js (node:internal/modules/cjs/loader:1427:10)
    at Object.require.extensions.<computed> [as .ts] (C:\Users\fauzi\OneDrive\Desktop\task management app\task management app\node_modules\ts-node\src\index.ts:1621:12)
    at Module.load (node:internal/modules/cjs/loader:1206:32)
    at Function.Module._load (node:internal/modules/cjs/loader:1022:12)
    at Module.require (node:internal/modules/cjs/loader:1231:19)
2024-08-24 00:53:01:396 AM [LOGGER] error: uncaughtException: тип Unable to compile TypeScript:
[96msrc/controllers/user.controller.ts[0m:[93m20[0m:[93m7[0m - [91merror[0m[90m TS1155: [0m'const' declarations must be initialized.

[7m20[0m const usser
[7m  [0m [91m      ~~~~~[0m
[96msrc/controllers/user.controller.ts[0m:[93m20[0m:[93m7[0m - [91merror[0m[90m TS6133: [0m'usser' is declared but its value is never read.

[7m20[0m const usser
[7m  [0m [91m      ~~~~~[0m
[96msrc/controllers/user.controller.ts[0m:[93m20[0m:[93m7[0m - [91merror[0m[90m TS7005: [0mVariable 'usser' implicitly has an 'any' type.

[7m20[0m const usser
[7m  [0m [91m      ~~~~~[0m

TSError: тип Unable to compile TypeScript:
[96msrc/controllers/user.controller.ts[0m:[93m20[0m:[93m7[0m - [91merror[0m[90m TS1155: [0m'const' declarations must be initialized.

[7m20[0m const usser
[7m  [0m [91m      ~~~~~[0m
[96msrc/controllers/user.controller.ts[0m:[93m20[0m:[93m7[0m - [91merror[0m[90m TS6133: [0m'usser' is declared but its value is never read.

[7m20[0m const usser
[7m  [0m [91m      ~~~~~[0m
[96msrc/controllers/user.controller.ts[0m:[93m20[0m:[93m7[0m - [91merror[0m[90m TS7005: [0mVariable 'usser' implicitly has an 'any' type.

[7m20[0m const usser
[7m  [0m [91m      ~~~~~[0m

    at createTSError (C:\Users\fauzi\OneDrive\Desktop\task management app\task management app\node_modules\ts-node\src\index.ts:859:12)
    at reportTSError (C:\Users\fauzi\OneDrive\Desktop\task management app\task management app\node_modules\ts-node\src\index.ts:863:19)
    at getOutput (C:\Users\fauzi\OneDrive\Desktop\task management app\task management app\node_modules\ts-node\src\index.ts:1077:36)
    at Object.compile (C:\Users\fauzi\OneDrive\Desktop\task management app\task management app\node_modules\ts-node\src\index.ts:1433:41)
    at Module.m._compile (C:\Users\fauzi\OneDrive\Desktop\task management app\task management app\node_modules\ts-node\src\index.ts:1617:30)
    at Module._extensions..js (node:internal/modules/cjs/loader:1427:10)
    at Object.require.extensions.<computed> [as .ts] (C:\Users\fauzi\OneDrive\Desktop\task management app\task management app\node_modules\ts-node\src\index.ts:1621:12)
    at Module.load (node:internal/modules/cjs/loader:1206:32)
    at Function.Module._load (node:internal/modules/cjs/loader:1022:12)
    at Module.require (node:internal/modules/cjs/loader:1231:19)
2024-08-24 00:53:04:661 AM [LOGGER] error: uncaughtException: тип Unable to compile TypeScript:
[96msrc/controllers/user.controller.ts[0m:[93m20[0m:[93m7[0m - [91merror[0m[90m TS1155: [0m'const' declarations must be initialized.

[7m20[0m const userCon
[7m  [0m [91m      ~~~~~~~[0m
[96msrc/controllers/user.controller.ts[0m:[93m20[0m:[93m7[0m - [91merror[0m[90m TS6133: [0m'userCon' is declared but its value is never read.

[7m20[0m const userCon
[7m  [0m [91m      ~~~~~~~[0m
[96msrc/controllers/user.controller.ts[0m:[93m20[0m:[93m7[0m - [91merror[0m[90m TS7005: [0mVariable 'userCon' implicitly has an 'any' type.

[7m20[0m const userCon
[7m  [0m [91m      ~~~~~~~[0m

TSError: тип Unable to compile TypeScript:
[96msrc/controllers/user.controller.ts[0m:[93m20[0m:[93m7[0m - [91merror[0m[90m TS1155: [0m'const' declarations must be initialized.

[7m20[0m const userCon
[7m  [0m [91m      ~~~~~~~[0m
[96msrc/controllers/user.controller.ts[0m:[93m20[0m:[93m7[0m - [91merror[0m[90m TS6133: [0m'userCon' is declared but its value is never read.

[7m20[0m const userCon
[7m  [0m [91m      ~~~~~~~[0m
[96msrc/controllers/user.controller.ts[0m:[93m20[0m:[93m7[0m - [91merror[0m[90m TS7005: [0mVariable 'userCon' implicitly has an 'any' type.

[7m20[0m const userCon
[7m  [0m [91m      ~~~~~~~[0m

    at createTSError (C:\Users\fauzi\OneDrive\Desktop\task management app\task management app\node_modules\ts-node\src\index.ts:859:12)
    at reportTSError (C:\Users\fauzi\OneDrive\Desktop\task management app\task management app\node_modules\ts-node\src\index.ts:863:19)
    at getOutput (C:\Users\fauzi\OneDrive\Desktop\task management app\task management app\node_modules\ts-node\src\index.ts:1077:36)
    at Object.compile (C:\Users\fauzi\OneDrive\Desktop\task management app\task management app\node_modules\ts-node\src\index.ts:1433:41)
    at Module.m._compile (C:\Users\fauzi\OneDrive\Desktop\task management app\task management app\node_modules\ts-node\src\index.ts:1617:30)
    at Module._extensions..js (node:internal/modules/cjs/loader:1427:10)
    at Object.require.extensions.<computed> [as .ts] (C:\Users\fauzi\OneDrive\Desktop\task management app\task management app\node_modules\ts-node\src\index.ts:1621:12)
    at Module.load (node:internal/modules/cjs/loader:1206:32)
    at Function.Module._load (node:internal/modules/cjs/loader:1022:12)
    at Module.require (node:internal/modules/cjs/loader:1231:19)
2024-08-24 00:53:15:432 AM [LOGGER] error: uncaughtException: тип Unable to compile TypeScript:
[96msrc/controllers/user.controller.ts[0m:[93m20[0m:[93m6[0m - [91merror[0m[90m TS1123: [0mVariable declaration list cannot be empty.

[7m20[0m const
[7m  [0m [91m     [0m

TSError: тип Unable to compile TypeScript:
[96msrc/controllers/user.controller.ts[0m:[93m20[0m:[93m6[0m - [91merror[0m[90m TS1123: [0mVariable declaration list cannot be empty.

[7m20[0m const
[7m  [0m [91m     [0m

    at createTSError (C:\Users\fauzi\OneDrive\Desktop\task management app\task management app\node_modules\ts-node\src\index.ts:859:12)
    at reportTSError (C:\Users\fauzi\OneDrive\Desktop\task management app\task management app\node_modules\ts-node\src\index.ts:863:19)
    at getOutput (C:\Users\fauzi\OneDrive\Desktop\task management app\task management app\node_modules\ts-node\src\index.ts:1077:36)
    at Object.compile (C:\Users\fauzi\OneDrive\Desktop\task management app\task management app\node_modules\ts-node\src\index.ts:1433:41)
    at Module.m._compile (C:\Users\fauzi\OneDrive\Desktop\task management app\task management app\node_modules\ts-node\src\index.ts:1617:30)
    at Module._extensions..js (node:internal/modules/cjs/loader:1427:10)
    at Object.require.extensions.<computed> [as .ts] (C:\Users\fauzi\OneDrive\Desktop\task management app\task management app\node_modules\ts-node\src\index.ts:1621:12)
    at Module.load (node:internal/modules/cjs/loader:1206:32)
    at Function.Module._load (node:internal/modules/cjs/loader:1022:12)
    at Module.require (node:internal/modules/cjs/loader:1231:19)
2024-08-24 00:53:20:350 AM [LOGGER] error: uncaughtException: тип Unable to compile TypeScript:
[96msrc/controllers/user.controller.ts[0m:[93m15[0m:[93m7[0m - [91merror[0m[90m TS6133: [0m'userFindMany' is declared but its value is never read.

[7m15[0m const userFindMany = async (_req: Request, res: Response) => {
[7m  [0m [91m      ~~~~~~~~~~~~[0m
[96msrc/controllers/user.controller.ts[0m:[93m20[0m:[93m6[0m - [91merror[0m[90m TS1123: [0mVariable declaration list cannot be empty.

[7m20[0m const
[7m  [0m [91m     [0m
[96msrc/controllers/user.controller.ts[0m:[93m22[0m:[93m16[0m - [91merror[0m[90m TS2304: [0mCannot find name 'userControllerFindMany'.

[7m22[0m export default userControllerFindMany;
[7m  [0m [91m               ~~~~~~~~~~~~~~~~~~~~~~[0m

TSError: тип Unable to compile TypeScript:
[96msrc/controllers/user.controller.ts[0m:[93m15[0m:[93m7[0m - [91merror[0m[90m TS6133: [0m'userFindMany' is declared but its value is never read.

[7m15[0m const userFindMany = async (_req: Request, res: Response) => {
[7m  [0m [91m      ~~~~~~~~~~~~[0m
[96msrc/controllers/user.controller.ts[0m:[93m20[0m:[93m6[0m - [91merror[0m[90m TS1123: [0mVariable declaration list cannot be empty.

[7m20[0m const
[7m  [0m [91m     [0m
[96msrc/controllers/user.controller.ts[0m:[93m22[0m:[93m16[0m - [91merror[0m[90m TS2304: [0mCannot find name 'userControllerFindMany'.

[7m22[0m export default userControllerFindMany;
[7m  [0m [91m               ~~~~~~~~~~~~~~~~~~~~~~[0m

    at createTSError (C:\Users\fauzi\OneDrive\Desktop\task management app\task management app\node_modules\ts-node\src\index.ts:859:12)
    at reportTSError (C:\Users\fauzi\OneDrive\Desktop\task management app\task management app\node_modules\ts-node\src\index.ts:863:19)
    at getOutput (C:\Users\fauzi\OneDrive\Desktop\task management app\task management app\node_modules\ts-node\src\index.ts:1077:36)
    at Object.compile (C:\Users\fauzi\OneDrive\Desktop\task management app\task management app\node_modules\ts-node\src\index.ts:1433:41)
    at Module.m._compile (C:\Users\fauzi\OneDrive\Desktop\task management app\task management app\node_modules\ts-node\src\index.ts:1617:30)
    at Module._extensions..js (node:internal/modules/cjs/loader:1427:10)
    at Object.require.extensions.<computed> [as .ts] (C:\Users\fauzi\OneDrive\Desktop\task management app\task management app\node_modules\ts-node\src\index.ts:1621:12)
    at Module.load (node:internal/modules/cjs/loader:1206:32)
    at Function.Module._load (node:internal/modules/cjs/loader:1022:12)
    at Module.require (node:internal/modules/cjs/loader:1231:19)
2024-08-24 00:53:24:092 AM [LOGGER] error: uncaughtException: тип Unable to compile TypeScript:
[96msrc/controllers/user.controller.ts[0m:[93m20[0m:[93m6[0m - [91merror[0m[90m TS1123: [0mVariable declaration list cannot be empty.

[7m20[0m const
[7m  [0m [91m     [0m

TSError: тип Unable to compile TypeScript:
[96msrc/controllers/user.controller.ts[0m:[93m20[0m:[93m6[0m - [91merror[0m[90m TS1123: [0mVariable declaration list cannot be empty.

[7m20[0m const
[7m  [0m [91m     [0m

    at createTSError (C:\Users\fauzi\OneDrive\Desktop\task management app\task management app\node_modules\ts-node\src\index.ts:859:12)
    at reportTSError (C:\Users\fauzi\OneDrive\Desktop\task management app\task management app\node_modules\ts-node\src\index.ts:863:19)
    at getOutput (C:\Users\fauzi\OneDrive\Desktop\task management app\task management app\node_modules\ts-node\src\index.ts:1077:36)
    at Object.compile (C:\Users\fauzi\OneDrive\Desktop\task management app\task management app\node_modules\ts-node\src\index.ts:1433:41)
    at Module.m._compile (C:\Users\fauzi\OneDrive\Desktop\task management app\task management app\node_modules\ts-node\src\index.ts:1617:30)
    at Module._extensions..js (node:internal/modules/cjs/loader:1427:10)
    at Object.require.extensions.<computed> [as .ts] (C:\Users\fauzi\OneDrive\Desktop\task management app\task management app\node_modules\ts-node\src\index.ts:1621:12)
    at Module.load (node:internal/modules/cjs/loader:1206:32)
    at Function.Module._load (node:internal/modules/cjs/loader:1022:12)
    at Module.require (node:internal/modules/cjs/loader:1231:19)
2024-08-24 00:53:27:983 AM [LOGGER] error: uncaughtException: тип Unable to compile TypeScript:
[96msrc/controllers/user.controller.ts[0m:[93m20[0m:[93m7[0m - [91merror[0m[90m TS1155: [0m'const' declarations must be initialized.

[7m20[0m const user
[7m  [0m [91m      ~~~~[0m
[96msrc/controllers/user.controller.ts[0m:[93m20[0m:[93m7[0m - [91merror[0m[90m TS6133: [0m'user' is declared but its value is never read.

[7m20[0m const user
[7m  [0m [91m      ~~~~[0m
[96msrc/controllers/user.controller.ts[0m:[93m20[0m:[93m7[0m - [91merror[0m[90m TS7005: [0mVariable 'user' implicitly has an 'any' type.

[7m20[0m const user
[7m  [0m [91m      ~~~~[0m

TSError: тип Unable to compile TypeScript:
[96msrc/controllers/user.controller.ts[0m:[93m20[0m:[93m7[0m - [91merror[0m[90m TS1155: [0m'const' declarations must be initialized.

[7m20[0m const user
[7m  [0m [91m      ~~~~[0m
[96msrc/controllers/user.controller.ts[0m:[93m20[0m:[93m7[0m - [91merror[0m[90m TS6133: [0m'user' is declared but its value is never read.

[7m20[0m const user
[7m  [0m [91m      ~~~~[0m
[96msrc/controllers/user.controller.ts[0m:[93m20[0m:[93m7[0m - [91merror[0m[90m TS7005: [0mVariable 'user' implicitly has an 'any' type.

[7m20[0m const user
[7m  [0m [91m      ~~~~[0m

    at createTSError (C:\Users\fauzi\OneDrive\Desktop\task management app\task management app\node_modules\ts-node\src\index.ts:859:12)
    at reportTSError (C:\Users\fauzi\OneDrive\Desktop\task management app\task management app\node_modules\ts-node\src\index.ts:863:19)
    at getOutput (C:\Users\fauzi\OneDrive\Desktop\task management app\task management app\node_modules\ts-node\src\index.ts:1077:36)
    at Object.compile (C:\Users\fauzi\OneDrive\Desktop\task management app\task management app\node_modules\ts-node\src\index.ts:1433:41)
    at Module.m._compile (C:\Users\fauzi\OneDrive\Desktop\task management app\task management app\node_modules\ts-node\src\index.ts:1617:30)
    at Module._extensions..js (node:internal/modules/cjs/loader:1427:10)
    at Object.require.extensions.<computed> [as .ts] (C:\Users\fauzi\OneDrive\Desktop\task management app\task management app\node_modules\ts-node\src\index.ts:1621:12)
    at Module.load (node:internal/modules/cjs/loader:1206:32)
    at Function.Module._load (node:internal/modules/cjs/loader:1022:12)
    at Module.require (node:internal/modules/cjs/loader:1231:19)
2024-08-24 00:53:35:476 AM [LOGGER] error: uncaughtException: тип Unable to compile TypeScript:
[96msrc/controllers/user.controller.ts[0m:[93m20[0m:[93m7[0m - [91merror[0m[90m TS1155: [0m'const' declarations must be initialized.

[7m20[0m const userControllerFind
[7m  [0m [91m      ~~~~~~~~~~~~~~~~~~[0m
[96msrc/controllers/user.controller.ts[0m:[93m20[0m:[93m7[0m - [91merror[0m[90m TS6133: [0m'userControllerFind' is declared but its value is never read.

[7m20[0m const userControllerFind
[7m  [0m [91m      ~~~~~~~~~~~~~~~~~~[0m
[96msrc/controllers/user.controller.ts[0m:[93m20[0m:[93m7[0m - [91merror[0m[90m TS7005: [0mVariable 'userControllerFind' implicitly has an 'any' type.

[7m20[0m const userControllerFind
[7m  [0m [91m      ~~~~~~~~~~~~~~~~~~[0m

TSError: тип Unable to compile TypeScript:
[96msrc/controllers/user.controller.ts[0m:[93m20[0m:[93m7[0m - [91merror[0m[90m TS1155: [0m'const' declarations must be initialized.

[7m20[0m const userControllerFind
[7m  [0m [91m      ~~~~~~~~~~~~~~~~~~[0m
[96msrc/controllers/user.controller.ts[0m:[93m20[0m:[93m7[0m - [91merror[0m[90m TS6133: [0m'userControllerFind' is declared but its value is never read.

[7m20[0m const userControllerFind
[7m  [0m [91m      ~~~~~~~~~~~~~~~~~~[0m
[96msrc/controllers/user.controller.ts[0m:[93m20[0m:[93m7[0m - [91merror[0m[90m TS7005: [0mVariable 'userControllerFind' implicitly has an 'any' type.

[7m20[0m const userControllerFind
[7m  [0m [91m      ~~~~~~~~~~~~~~~~~~[0m

    at createTSError (C:\Users\fauzi\OneDrive\Desktop\task management app\task management app\node_modules\ts-node\src\index.ts:859:12)
    at reportTSError (C:\Users\fauzi\OneDrive\Desktop\task management app\task management app\node_modules\ts-node\src\index.ts:863:19)
    at getOutput (C:\Users\fauzi\OneDrive\Desktop\task management app\task management app\node_modules\ts-node\src\index.ts:1077:36)
    at Object.compile (C:\Users\fauzi\OneDrive\Desktop\task management app\task management app\node_modules\ts-node\src\index.ts:1433:41)
    at Module.m._compile (C:\Users\fauzi\OneDrive\Desktop\task management app\task management app\node_modules\ts-node\src\index.ts:1617:30)
    at Module._extensions..js (node:internal/modules/cjs/loader:1427:10)
    at Object.require.extensions.<computed> [as .ts] (C:\Users\fauzi\OneDrive\Desktop\task management app\task management app\node_modules\ts-node\src\index.ts:1621:12)
    at Module.load (node:internal/modules/cjs/loader:1206:32)
    at Function.Module._load (node:internal/modules/cjs/loader:1022:12)
    at Module.require (node:internal/modules/cjs/loader:1231:19)
2024-08-24 00:53:42:345 AM [LOGGER] error: uncaughtException: тип Unable to compile TypeScript:
[96msrc/routes/user.router.ts[0m:[93m2[0m:[93m9[0m - [91merror[0m[90m TS1192: [0mModule '"C:/Users/fauzi/OneDrive/Desktop/task management app/task management app/src/controllers/user.controller"' has no default export.

[7m2[0m import  userControllerFindMany from '../controllers/user.controller';
[7m [0m [91m        ~~~~~~~~~~~~~~~~~~~~~~[0m

TSError: тип Unable to compile TypeScript:
[96msrc/routes/user.router.ts[0m:[93m2[0m:[93m9[0m - [91merror[0m[90m TS1192: [0mModule '"C:/Users/fauzi/OneDrive/Desktop/task management app/task management app/src/controllers/user.controller"' has no default export.

[7m2[0m import  userControllerFindMany from '../controllers/user.controller';
[7m [0m [91m        ~~~~~~~~~~~~~~~~~~~~~~[0m

    at createTSError (C:\Users\fauzi\OneDrive\Desktop\task management app\task management app\node_modules\ts-node\src\index.ts:859:12)
    at reportTSError (C:\Users\fauzi\OneDrive\Desktop\task management app\task management app\node_modules\ts-node\src\index.ts:863:19)
    at getOutput (C:\Users\fauzi\OneDrive\Desktop\task management app\task management app\node_modules\ts-node\src\index.ts:1077:36)
    at Object.compile (C:\Users\fauzi\OneDrive\Desktop\task management app\task management app\node_modules\ts-node\src\index.ts:1433:41)
    at Module.m._compile (C:\Users\fauzi\OneDrive\Desktop\task management app\task management app\node_modules\ts-node\src\index.ts:1617:30)
    at Module._extensions..js (node:internal/modules/cjs/loader:1427:10)
    at Object.require.extensions.<computed> [as .ts] (C:\Users\fauzi\OneDrive\Desktop\task management app\task management app\node_modules\ts-node\src\index.ts:1621:12)
    at Module.load (node:internal/modules/cjs/loader:1206:32)
    at Function.Module._load (node:internal/modules/cjs/loader:1022:12)
    at Module.require (node:internal/modules/cjs/loader:1231:19)
2024-08-24 00:53:45:681 AM [LOGGER] error: uncaughtException: тип Unable to compile TypeScript:
[96msrc/controllers/user.controller.ts[0m:[93m20[0m:[93m7[0m - [91merror[0m[90m TS6133: [0m'userControllerFindUnique' is declared but its value is never read.

[7m20[0m const userControllerFindUnique = async (_req: Request, res: Response) => {
[7m  [0m [91m      ~~~~~~~~~~~~~~~~~~~~~~~~[0m

TSError: тип Unable to compile TypeScript:
[96msrc/controllers/user.controller.ts[0m:[93m20[0m:[93m7[0m - [91merror[0m[90m TS6133: [0m'userControllerFindUnique' is declared but its value is never read.

[7m20[0m const userControllerFindUnique = async (_req: Request, res: Response) => {
[7m  [0m [91m      ~~~~~~~~~~~~~~~~~~~~~~~~[0m

    at createTSError (C:\Users\fauzi\OneDrive\Desktop\task management app\task management app\node_modules\ts-node\src\index.ts:859:12)
    at reportTSError (C:\Users\fauzi\OneDrive\Desktop\task management app\task management app\node_modules\ts-node\src\index.ts:863:19)
    at getOutput (C:\Users\fauzi\OneDrive\Desktop\task management app\task management app\node_modules\ts-node\src\index.ts:1077:36)
    at Object.compile (C:\Users\fauzi\OneDrive\Desktop\task management app\task management app\node_modules\ts-node\src\index.ts:1433:41)
    at Module.m._compile (C:\Users\fauzi\OneDrive\Desktop\task management app\task management app\node_modules\ts-node\src\index.ts:1617:30)
    at Module._extensions..js (node:internal/modules/cjs/loader:1427:10)
    at Object.require.extensions.<computed> [as .ts] (C:\Users\fauzi\OneDrive\Desktop\task management app\task management app\node_modules\ts-node\src\index.ts:1621:12)
    at Module.load (node:internal/modules/cjs/loader:1206:32)
    at Function.Module._load (node:internal/modules/cjs/loader:1022:12)
    at Module.require (node:internal/modules/cjs/loader:1231:19)
2024-08-24 00:53:53:749 AM [LOGGER] error: uncaughtException: тип Unable to compile TypeScript:
[96msrc/controllers/user.controller.ts[0m:[93m20[0m:[93m7[0m - [91merror[0m[90m TS6133: [0m'userControllerFindUnique' is declared but its value is never read.

[7m20[0m const userControllerFindUnique = async (_req: Request, res: Response) => {
[7m  [0m [91m      ~~~~~~~~~~~~~~~~~~~~~~~~[0m
[96msrc/controllers/user.controller.ts[0m:[93m21[0m:[93m46[0m - [91merror[0m[90m TS2304: [0mCannot find name 'id'.

[7m21[0m   const user = await userService.getUserById(id);
[7m  [0m [91m                                             ~~[0m

TSError: тип Unable to compile TypeScript:
[96msrc/controllers/user.controller.ts[0m:[93m20[0m:[93m7[0m - [91merror[0m[90m TS6133: [0m'userControllerFindUnique' is declared but its value is never read.

[7m20[0m const userControllerFindUnique = async (_req: Request, res: Response) => {
[7m  [0m [91m      ~~~~~~~~~~~~~~~~~~~~~~~~[0m
[96msrc/controllers/user.controller.ts[0m:[93m21[0m:[93m46[0m - [91merror[0m[90m TS2304: [0mCannot find name 'id'.

[7m21[0m   const user = await userService.getUserById(id);
[7m  [0m [91m                                             ~~[0m

    at createTSError (C:\Users\fauzi\OneDrive\Desktop\task management app\task management app\node_modules\ts-node\src\index.ts:859:12)
    at reportTSError (C:\Users\fauzi\OneDrive\Desktop\task management app\task management app\node_modules\ts-node\src\index.ts:863:19)
    at getOutput (C:\Users\fauzi\OneDrive\Desktop\task management app\task management app\node_modules\ts-node\src\index.ts:1077:36)
    at Object.compile (C:\Users\fauzi\OneDrive\Desktop\task management app\task management app\node_modules\ts-node\src\index.ts:1433:41)
    at Module.m._compile (C:\Users\fauzi\OneDrive\Desktop\task management app\task management app\node_modules\ts-node\src\index.ts:1617:30)
    at Module._extensions..js (node:internal/modules/cjs/loader:1427:10)
    at Object.require.extensions.<computed> [as .ts] (C:\Users\fauzi\OneDrive\Desktop\task management app\task management app\node_modules\ts-node\src\index.ts:1621:12)
    at Module.load (node:internal/modules/cjs/loader:1206:32)
    at Function.Module._load (node:internal/modules/cjs/loader:1022:12)
    at Module.require (node:internal/modules/cjs/loader:1231:19)
2024-08-24 00:53:57:113 AM [LOGGER] error: uncaughtException: тип Unable to compile TypeScript:
[96msrc/controllers/user.controller.ts[0m:[93m20[0m:[93m7[0m - [91merror[0m[90m TS6133: [0m'userControllerFindUnique' is declared but its value is never read.

[7m20[0m const userControllerFindUnique = async (_req: Request, res: Response) => {
[7m  [0m [91m      ~~~~~~~~~~~~~~~~~~~~~~~~[0m
[96msrc/controllers/user.controller.ts[0m:[93m21[0m:[93m34[0m - [91merror[0m[90m TS2554: [0mExpected 1 arguments, but got 0.

[7m21[0m   const user = await userService.getUserById();
[7m  [0m [91m                                 ~~~~~~~~~~~[0m

  [96msrc/services/user.service.ts[0m:[93m8[0m:[93m28[0m
    [7m8[0m const getUserById = async (id: number) => {
    [7m [0m [96m                           ~~~~~~~~~~[0m
    An argument for 'id' was not provided.

TSError: тип Unable to compile TypeScript:
[96msrc/controllers/user.controller.ts[0m:[93m20[0m:[93m7[0m - [91merror[0m[90m TS6133: [0m'userControllerFindUnique' is declared but its value is never read.

[7m20[0m const userControllerFindUnique = async (_req: Request, res: Response) => {
[7m  [0m [91m      ~~~~~~~~~~~~~~~~~~~~~~~~[0m
[96msrc/controllers/user.controller.ts[0m:[93m21[0m:[93m34[0m - [91merror[0m[90m TS2554: [0mExpected 1 arguments, but got 0.

[7m21[0m   const user = await userService.getUserById();
[7m  [0m [91m                                 ~~~~~~~~~~~[0m

  [96msrc/services/user.service.ts[0m:[93m8[0m:[93m28[0m
    [7m8[0m const getUserById = async (id: number) => {
    [7m [0m [96m                           ~~~~~~~~~~[0m
    An argument for 'id' was not provided.

    at createTSError (C:\Users\fauzi\OneDrive\Desktop\task management app\task management app\node_modules\ts-node\src\index.ts:859:12)
    at reportTSError (C:\Users\fauzi\OneDrive\Desktop\task management app\task management app\node_modules\ts-node\src\index.ts:863:19)
    at getOutput (C:\Users\fauzi\OneDrive\Desktop\task management app\task management app\node_modules\ts-node\src\index.ts:1077:36)
    at Object.compile (C:\Users\fauzi\OneDrive\Desktop\task management app\task management app\node_modules\ts-node\src\index.ts:1433:41)
    at Module.m._compile (C:\Users\fauzi\OneDrive\Desktop\task management app\task management app\node_modules\ts-node\src\index.ts:1617:30)
    at Module._extensions..js (node:internal/modules/cjs/loader:1427:10)
    at Object.require.extensions.<computed> [as .ts] (C:\Users\fauzi\OneDrive\Desktop\task management app\task management app\node_modules\ts-node\src\index.ts:1621:12)
    at Module.load (node:internal/modules/cjs/loader:1206:32)
    at Function.Module._load (node:internal/modules/cjs/loader:1022:12)
    at Module.require (node:internal/modules/cjs/loader:1231:19)
2024-08-24 00:54:02:545 AM [LOGGER] error: uncaughtException: тип Unable to compile TypeScript:
[96msrc/controllers/user.controller.ts[0m:[93m20[0m:[93m7[0m - [91merror[0m[90m TS6133: [0m'userControllerFindUnique' is declared but its value is never read.

[7m20[0m const userControllerFindUnique = async (_req: Request, res: Response) => {
[7m  [0m [91m      ~~~~~~~~~~~~~~~~~~~~~~~~[0m

TSError: тип Unable to compile TypeScript:
[96msrc/controllers/user.controller.ts[0m:[93m20[0m:[93m7[0m - [91merror[0m[90m TS6133: [0m'userControllerFindUnique' is declared but its value is never read.

[7m20[0m const userControllerFindUnique = async (_req: Request, res: Response) => {
[7m  [0m [91m      ~~~~~~~~~~~~~~~~~~~~~~~~[0m

    at createTSError (C:\Users\fauzi\OneDrive\Desktop\task management app\task management app\node_modules\ts-node\src\index.ts:859:12)
    at reportTSError (C:\Users\fauzi\OneDrive\Desktop\task management app\task management app\node_modules\ts-node\src\index.ts:863:19)
    at getOutput (C:\Users\fauzi\OneDrive\Desktop\task management app\task management app\node_modules\ts-node\src\index.ts:1077:36)
    at Object.compile (C:\Users\fauzi\OneDrive\Desktop\task management app\task management app\node_modules\ts-node\src\index.ts:1433:41)
    at Module.m._compile (C:\Users\fauzi\OneDrive\Desktop\task management app\task management app\node_modules\ts-node\src\index.ts:1617:30)
    at Module._extensions..js (node:internal/modules/cjs/loader:1427:10)
    at Object.require.extensions.<computed> [as .ts] (C:\Users\fauzi\OneDrive\Desktop\task management app\task management app\node_modules\ts-node\src\index.ts:1621:12)
    at Module.load (node:internal/modules/cjs/loader:1206:32)
    at Function.Module._load (node:internal/modules/cjs/loader:1022:12)
    at Module.require (node:internal/modules/cjs/loader:1231:19)
2024-08-24 00:54:25:980 AM [LOGGER] error: uncaughtException: тип Unable to compile TypeScript:
[96msrc/controllers/user.controller.ts[0m:[93m21[0m:[93m47[0m - [91merror[0m[90m TS2304: [0mCannot find name 'id'.

[7m21[0m   const user = await userService.getUserById(:id);
[7m  [0m [91m                                              ~~[0m
[96msrc/controllers/user.controller.ts[0m:[93m21[0m:[93m46[0m - [91merror[0m[90m TS1135: [0mArgument expression expected.

[7m21[0m   const user = await userService.getUserById(:id);
[7m  [0m [91m                                             ~[0m

TSError: тип Unable to compile TypeScript:
[96msrc/controllers/user.controller.ts[0m:[93m21[0m:[93m47[0m - [91merror[0m[90m TS2304: [0mCannot find name 'id'.

[7m21[0m   const user = await userService.getUserById(:id);
[7m  [0m [91m                                              ~~[0m
[96msrc/controllers/user.controller.ts[0m:[93m21[0m:[93m46[0m - [91merror[0m[90m TS1135: [0mArgument expression expected.

[7m21[0m   const user = await userService.getUserById(:id);
[7m  [0m [91m                                             ~[0m

    at createTSError (C:\Users\fauzi\OneDrive\Desktop\task management app\task management app\node_modules\ts-node\src\index.ts:859:12)
    at reportTSError (C:\Users\fauzi\OneDrive\Desktop\task management app\task management app\node_modules\ts-node\src\index.ts:863:19)
    at getOutput (C:\Users\fauzi\OneDrive\Desktop\task management app\task management app\node_modules\ts-node\src\index.ts:1077:36)
    at Object.compile (C:\Users\fauzi\OneDrive\Desktop\task management app\task management app\node_modules\ts-node\src\index.ts:1433:41)
    at Module.m._compile (C:\Users\fauzi\OneDrive\Desktop\task management app\task management app\node_modules\ts-node\src\index.ts:1617:30)
    at Module._extensions..js (node:internal/modules/cjs/loader:1427:10)
    at Object.require.extensions.<computed> [as .ts] (C:\Users\fauzi\OneDrive\Desktop\task management app\task management app\node_modules\ts-node\src\index.ts:1621:12)
    at Module.load (node:internal/modules/cjs/loader:1206:32)
    at Function.Module._load (node:internal/modules/cjs/loader:1022:12)
    at Module.require (node:internal/modules/cjs/loader:1231:19)
2024-08-24 00:54:34:415 AM [LOGGER] error: uncaughtException: тип Unable to compile TypeScript:
[96msrc/controllers/user.controller.ts[0m:[93m21[0m:[93m46[0m - [91merror[0m[90m TS2304: [0mCannot find name 'id'.

[7m21[0m   const user = await userService.getUserById(id: number);
[7m  [0m [91m                                             ~~[0m
[96msrc/controllers/user.controller.ts[0m:[93m21[0m:[93m50[0m - [91merror[0m[90m TS2554: [0mExpected 1 arguments, but got 2.

[7m21[0m   const user = await userService.getUserById(id: number);
[7m  [0m [91m                                                 ~~~~~~[0m
[96msrc/controllers/user.controller.ts[0m:[93m21[0m:[93m50[0m - [91merror[0m[90m TS2693: [0m'number' only refers to a type, but is being used as a value here.

[7m21[0m   const user = await userService.getUserById(id: number);
[7m  [0m [91m                                                 ~~~~~~[0m
[96msrc/controllers/user.controller.ts[0m:[93m21[0m:[93m48[0m - [91merror[0m[90m TS1005: [0m',' expected.

[7m21[0m   const user = await userService.getUserById(id: number);
[7m  [0m [91m                                               ~[0m

TSError: тип Unable to compile TypeScript:
[96msrc/controllers/user.controller.ts[0m:[93m21[0m:[93m46[0m - [91merror[0m[90m TS2304: [0mCannot find name 'id'.

[7m21[0m   const user = await userService.getUserById(id: number);
[7m  [0m [91m                                             ~~[0m
[96msrc/controllers/user.controller.ts[0m:[93m21[0m:[93m50[0m - [91merror[0m[90m TS2554: [0mExpected 1 arguments, but got 2.

[7m21[0m   const user = await userService.getUserById(id: number);
[7m  [0m [91m                                                 ~~~~~~[0m
[96msrc/controllers/user.controller.ts[0m:[93m21[0m:[93m50[0m - [91merror[0m[90m TS2693: [0m'number' only refers to a type, but is being used as a value here.

[7m21[0m   const user = await userService.getUserById(id: number);
[7m  [0m [91m                                                 ~~~~~~[0m
[96msrc/controllers/user.controller.ts[0m:[93m21[0m:[93m48[0m - [91merror[0m[90m TS1005: [0m',' expected.

[7m21[0m   const user = await userService.getUserById(id: number);
[7m  [0m [91m                                               ~[0m

    at createTSError (C:\Users\fauzi\OneDrive\Desktop\task management app\task management app\node_modules\ts-node\src\index.ts:859:12)
    at reportTSError (C:\Users\fauzi\OneDrive\Desktop\task management app\task management app\node_modules\ts-node\src\index.ts:863:19)
    at getOutput (C:\Users\fauzi\OneDrive\Desktop\task management app\task management app\node_modules\ts-node\src\index.ts:1077:36)
    at Object.compile (C:\Users\fauzi\OneDrive\Desktop\task management app\task management app\node_modules\ts-node\src\index.ts:1433:41)
    at Module.m._compile (C:\Users\fauzi\OneDrive\Desktop\task management app\task management app\node_modules\ts-node\src\index.ts:1617:30)
    at Module._extensions..js (node:internal/modules/cjs/loader:1427:10)
    at Object.require.extensions.<computed> [as .ts] (C:\Users\fauzi\OneDrive\Desktop\task management app\task management app\node_modules\ts-node\src\index.ts:1621:12)
    at Module.load (node:internal/modules/cjs/loader:1206:32)
    at Function.Module._load (node:internal/modules/cjs/loader:1022:12)
    at Module.require (node:internal/modules/cjs/loader:1231:19)
2024-08-24 00:54:39:169 AM [LOGGER] error: uncaughtException: тип Unable to compile TypeScript:
[96msrc/controllers/user.controller.ts[0m:[93m20[0m:[93m7[0m - [91merror[0m[90m TS6133: [0m'userControllerFindUnique' is declared but its value is never read.

[7m20[0m const userControllerFindUnique = async (_req: Request, res: Response) => {
[7m  [0m [91m      ~~~~~~~~~~~~~~~~~~~~~~~~[0m
[96msrc/controllers/user.controller.ts[0m:[93m21[0m:[93m34[0m - [91merror[0m[90m TS2554: [0mExpected 1 arguments, but got 0.

[7m21[0m   const user = await userService.getUserById();
[7m  [0m [91m                                 ~~~~~~~~~~~[0m

  [96msrc/services/user.service.ts[0m:[93m8[0m:[93m28[0m
    [7m8[0m const getUserById = async (id: number) => {
    [7m [0m [96m                           ~~~~~~~~~~[0m
    An argument for 'id' was not provided.

TSError: тип Unable to compile TypeScript:
[96msrc/controllers/user.controller.ts[0m:[93m20[0m:[93m7[0m - [91merror[0m[90m TS6133: [0m'userControllerFindUnique' is declared but its value is never read.

[7m20[0m const userControllerFindUnique = async (_req: Request, res: Response) => {
[7m  [0m [91m      ~~~~~~~~~~~~~~~~~~~~~~~~[0m
[96msrc/controllers/user.controller.ts[0m:[93m21[0m:[93m34[0m - [91merror[0m[90m TS2554: [0mExpected 1 arguments, but got 0.

[7m21[0m   const user = await userService.getUserById();
[7m  [0m [91m                                 ~~~~~~~~~~~[0m

  [96msrc/services/user.service.ts[0m:[93m8[0m:[93m28[0m
    [7m8[0m const getUserById = async (id: number) => {
    [7m [0m [96m                           ~~~~~~~~~~[0m
    An argument for 'id' was not provided.

    at createTSError (C:\Users\fauzi\OneDrive\Desktop\task management app\task management app\node_modules\ts-node\src\index.ts:859:12)
    at reportTSError (C:\Users\fauzi\OneDrive\Desktop\task management app\task management app\node_modules\ts-node\src\index.ts:863:19)
    at getOutput (C:\Users\fauzi\OneDrive\Desktop\task management app\task management app\node_modules\ts-node\src\index.ts:1077:36)
    at Object.compile (C:\Users\fauzi\OneDrive\Desktop\task management app\task management app\node_modules\ts-node\src\index.ts:1433:41)
    at Module.m._compile (C:\Users\fauzi\OneDrive\Desktop\task management app\task management app\node_modules\ts-node\src\index.ts:1617:30)
    at Module._extensions..js (node:internal/modules/cjs/loader:1427:10)
    at Object.require.extensions.<computed> [as .ts] (C:\Users\fauzi\OneDrive\Desktop\task management app\task management app\node_modules\ts-node\src\index.ts:1621:12)
    at Module.load (node:internal/modules/cjs/loader:1206:32)
    at Function.Module._load (node:internal/modules/cjs/loader:1022:12)
    at Module.require (node:internal/modules/cjs/loader:1231:19)
2024-08-24 00:55:59:122 AM [LOGGER] error: uncaughtException: тип Unable to compile TypeScript:
[96msrc/controllers/user.controller.ts[0m:[93m20[0m:[93m7[0m - [91merror[0m[90m TS6133: [0m'userControllerFindUnique' is declared but its value is never read.

[7m20[0m const userControllerFindUnique = async (_req: Request, res: Response) => {
[7m  [0m [91m      ~~~~~~~~~~~~~~~~~~~~~~~~[0m
[96msrc/controllers/user.controller.ts[0m:[93m20[0m:[93m56[0m - [91merror[0m[90m TS6133: [0m'res' is declared but its value is never read.

[7m20[0m const userControllerFindUnique = async (_req: Request, res: Response) => {
[7m  [0m [91m                                                       ~~~[0m
[96msrc/controllers/user.controller.ts[0m:[93m21[0m:[93m8[0m - [91merror[0m[90m TS1123: [0mVariable declaration list cannot be empty.

[7m21[0m   const
[7m  [0m [91m       [0m

TSError: тип Unable to compile TypeScript:
[96msrc/controllers/user.controller.ts[0m:[93m20[0m:[93m7[0m - [91merror[0m[90m TS6133: [0m'userControllerFindUnique' is declared but its value is never read.

[7m20[0m const userControllerFindUnique = async (_req: Request, res: Response) => {
[7m  [0m [91m      ~~~~~~~~~~~~~~~~~~~~~~~~[0m
[96msrc/controllers/user.controller.ts[0m:[93m20[0m:[93m56[0m - [91merror[0m[90m TS6133: [0m'res' is declared but its value is never read.

[7m20[0m const userControllerFindUnique = async (_req: Request, res: Response) => {
[7m  [0m [91m                                                       ~~~[0m
[96msrc/controllers/user.controller.ts[0m:[93m21[0m:[93m8[0m - [91merror[0m[90m TS1123: [0mVariable declaration list cannot be empty.

[7m21[0m   const
[7m  [0m [91m       [0m

    at createTSError (C:\Users\fauzi\OneDrive\Desktop\task management app\task management app\node_modules\ts-node\src\index.ts:859:12)
    at reportTSError (C:\Users\fauzi\OneDrive\Desktop\task management app\task management app\node_modules\ts-node\src\index.ts:863:19)
    at getOutput (C:\Users\fauzi\OneDrive\Desktop\task management app\task management app\node_modules\ts-node\src\index.ts:1077:36)
    at Object.compile (C:\Users\fauzi\OneDrive\Desktop\task management app\task management app\node_modules\ts-node\src\index.ts:1433:41)
    at Module.m._compile (C:\Users\fauzi\OneDrive\Desktop\task management app\task management app\node_modules\ts-node\src\index.ts:1617:30)
    at Module._extensions..js (node:internal/modules/cjs/loader:1427:10)
    at Object.require.extensions.<computed> [as .ts] (C:\Users\fauzi\OneDrive\Desktop\task management app\task management app\node_modules\ts-node\src\index.ts:1621:12)
    at Module.load (node:internal/modules/cjs/loader:1206:32)
    at Function.Module._load (node:internal/modules/cjs/loader:1022:12)
    at Module.require (node:internal/modules/cjs/loader:1231:19)
2024-08-24 00:56:02:793 AM [LOGGER] error: uncaughtException: тип Unable to compile TypeScript:
[96msrc/controllers/user.controller.ts[0m:[93m20[0m:[93m7[0m - [91merror[0m[90m TS6133: [0m'userControllerFindUnique' is declared but its value is never read.

[7m20[0m const userControllerFindUnique = async (_req: Request, res: Response) => {
[7m  [0m [91m      ~~~~~~~~~~~~~~~~~~~~~~~~[0m
[96msrc/controllers/user.controller.ts[0m:[93m20[0m:[93m56[0m - [91merror[0m[90m TS6133: [0m'res' is declared but its value is never read.

[7m20[0m const userControllerFindUnique = async (_req: Request, res: Response) => {
[7m  [0m [91m                                                       ~~~[0m
[96msrc/controllers/user.controller.ts[0m:[93m21[0m:[93m9[0m - [91merror[0m[90m TS6133: [0m'id' is declared but its value is never read.

[7m21[0m   const { id } = _req.params;
[7m  [0m [91m        ~~~~~~[0m

TSError: тип Unable to compile TypeScript:
[96msrc/controllers/user.controller.ts[0m:[93m20[0m:[93m7[0m - [91merror[0m[90m TS6133: [0m'userControllerFindUnique' is declared but its value is never read.

[7m20[0m const userControllerFindUnique = async (_req: Request, res: Response) => {
[7m  [0m [91m      ~~~~~~~~~~~~~~~~~~~~~~~~[0m
[96msrc/controllers/user.controller.ts[0m:[93m20[0m:[93m56[0m - [91merror[0m[90m TS6133: [0m'res' is declared but its value is never read.

[7m20[0m const userControllerFindUnique = async (_req: Request, res: Response) => {
[7m  [0m [91m                                                       ~~~[0m
[96msrc/controllers/user.controller.ts[0m:[93m21[0m:[93m9[0m - [91merror[0m[90m TS6133: [0m'id' is declared but its value is never read.

[7m21[0m   const { id } = _req.params;
[7m  [0m [91m        ~~~~~~[0m

    at createTSError (C:\Users\fauzi\OneDrive\Desktop\task management app\task management app\node_modules\ts-node\src\index.ts:859:12)
    at reportTSError (C:\Users\fauzi\OneDrive\Desktop\task management app\task management app\node_modules\ts-node\src\index.ts:863:19)
    at getOutput (C:\Users\fauzi\OneDrive\Desktop\task management app\task management app\node_modules\ts-node\src\index.ts:1077:36)
    at Object.compile (C:\Users\fauzi\OneDrive\Desktop\task management app\task management app\node_modules\ts-node\src\index.ts:1433:41)
    at Module.m._compile (C:\Users\fauzi\OneDrive\Desktop\task management app\task management app\node_modules\ts-node\src\index.ts:1617:30)
    at Module._extensions..js (node:internal/modules/cjs/loader:1427:10)
    at Object.require.extensions.<computed> [as .ts] (C:\Users\fauzi\OneDrive\Desktop\task management app\task management app\node_modules\ts-node\src\index.ts:1621:12)
    at Module.load (node:internal/modules/cjs/loader:1206:32)
    at Function.Module._load (node:internal/modules/cjs/loader:1022:12)
    at Module.require (node:internal/modules/cjs/loader:1231:19)
2024-08-24 00:56:09:035 AM [LOGGER] error: uncaughtException: тип Unable to compile TypeScript:
[96msrc/controllers/user.controller.ts[0m:[93m20[0m:[93m7[0m - [91merror[0m[90m TS6133: [0m'userControllerFindUnique' is declared but its value is never read.

[7m20[0m const userControllerFindUnique = async (_req: Request, res: Response) => {
[7m  [0m [91m      ~~~~~~~~~~~~~~~~~~~~~~~~[0m

TSError: тип Unable to compile TypeScript:
[96msrc/controllers/user.controller.ts[0m:[93m20[0m:[93m7[0m - [91merror[0m[90m TS6133: [0m'userControllerFindUnique' is declared but its value is never read.

[7m20[0m const userControllerFindUnique = async (_req: Request, res: Response) => {
[7m  [0m [91m      ~~~~~~~~~~~~~~~~~~~~~~~~[0m

    at createTSError (C:\Users\fauzi\OneDrive\Desktop\task management app\task management app\node_modules\ts-node\src\index.ts:859:12)
    at reportTSError (C:\Users\fauzi\OneDrive\Desktop\task management app\task management app\node_modules\ts-node\src\index.ts:863:19)
    at getOutput (C:\Users\fauzi\OneDrive\Desktop\task management app\task management app\node_modules\ts-node\src\index.ts:1077:36)
    at Object.compile (C:\Users\fauzi\OneDrive\Desktop\task management app\task management app\node_modules\ts-node\src\index.ts:1433:41)
    at Module.m._compile (C:\Users\fauzi\OneDrive\Desktop\task management app\task management app\node_modules\ts-node\src\index.ts:1617:30)
    at Module._extensions..js (node:internal/modules/cjs/loader:1427:10)
    at Object.require.extensions.<computed> [as .ts] (C:\Users\fauzi\OneDrive\Desktop\task management app\task management app\node_modules\ts-node\src\index.ts:1621:12)
    at Module.load (node:internal/modules/cjs/loader:1206:32)
    at Function.Module._load (node:internal/modules/cjs/loader:1022:12)
    at Module.require (node:internal/modules/cjs/loader:1231:19)
2024-08-24 00:56:32:740 AM [LOGGER] error: uncaughtException: тип Unable to compile TypeScript:
[96msrc/controllers/user.controller.ts[0m:[93m20[0m:[93m7[0m - [91merror[0m[90m TS6133: [0m'userControllerFindUnique' is declared but its value is never read.

[7m20[0m const userControllerFindUnique = async (_req: Request, res: Response) => {
[7m  [0m [91m      ~~~~~~~~~~~~~~~~~~~~~~~~[0m
[96msrc/controllers/user.controller.ts[0m:[93m20[0m:[93m56[0m - [91merror[0m[90m TS6133: [0m'res' is declared but its value is never read.

[7m20[0m const userControllerFindUnique = async (_req: Request, res: Response) => {
[7m  [0m [91m                                                       ~~~[0m

TSError: тип Unable to compile TypeScript:
[96msrc/controllers/user.controller.ts[0m:[93m20[0m:[93m7[0m - [91merror[0m[90m TS6133: [0m'userControllerFindUnique' is declared but its value is never read.

[7m20[0m const userControllerFindUnique = async (_req: Request, res: Response) => {
[7m  [0m [91m      ~~~~~~~~~~~~~~~~~~~~~~~~[0m
[96msrc/controllers/user.controller.ts[0m:[93m20[0m:[93m56[0m - [91merror[0m[90m TS6133: [0m'res' is declared but its value is never read.

[7m20[0m const userControllerFindUnique = async (_req: Request, res: Response) => {
[7m  [0m [91m                                                       ~~~[0m

    at createTSError (C:\Users\fauzi\OneDrive\Desktop\task management app\task management app\node_modules\ts-node\src\index.ts:859:12)
    at reportTSError (C:\Users\fauzi\OneDrive\Desktop\task management app\task management app\node_modules\ts-node\src\index.ts:863:19)
    at getOutput (C:\Users\fauzi\OneDrive\Desktop\task management app\task management app\node_modules\ts-node\src\index.ts:1077:36)
    at Object.compile (C:\Users\fauzi\OneDrive\Desktop\task management app\task management app\node_modules\ts-node\src\index.ts:1433:41)
    at Module.m._compile (C:\Users\fauzi\OneDrive\Desktop\task management app\task management app\node_modules\ts-node\src\index.ts:1617:30)
    at Module._extensions..js (node:internal/modules/cjs/loader:1427:10)
    at Object.require.extensions.<computed> [as .ts] (C:\Users\fauzi\OneDrive\Desktop\task management app\task management app\node_modules\ts-node\src\index.ts:1621:12)
    at Module.load (node:internal/modules/cjs/loader:1206:32)
    at Function.Module._load (node:internal/modules/cjs/loader:1022:12)
    at Module.require (node:internal/modules/cjs/loader:1231:19)
2024-08-24 00:56:35:160 AM [LOGGER] error: uncaughtException: тип Unable to compile TypeScript:
[96msrc/controllers/user.controller.ts[0m:[93m20[0m:[93m7[0m - [91merror[0m[90m TS6133: [0m'userControllerFindUnique' is declared but its value is never read.

[7m20[0m const userControllerFindUnique = async (req: Request, res: Response) => {
[7m  [0m [91m      ~~~~~~~~~~~~~~~~~~~~~~~~[0m
[96msrc/controllers/user.controller.ts[0m:[93m20[0m:[93m41[0m - [91merror[0m[90m TS6133: [0m'req' is declared but its value is never read.

[7m20[0m const userControllerFindUnique = async (req: Request, res: Response) => {
[7m  [0m [91m                                        ~~~[0m
[96msrc/controllers/user.controller.ts[0m:[93m20[0m:[93m55[0m - [91merror[0m[90m TS6133: [0m'res' is declared but its value is never read.

[7m20[0m const userControllerFindUnique = async (req: Request, res: Response) => {
[7m  [0m [91m                                                      ~~~[0m

TSError: тип Unable to compile TypeScript:
[96msrc/controllers/user.controller.ts[0m:[93m20[0m:[93m7[0m - [91merror[0m[90m TS6133: [0m'userControllerFindUnique' is declared but its value is never read.

[7m20[0m const userControllerFindUnique = async (req: Request, res: Response) => {
[7m  [0m [91m      ~~~~~~~~~~~~~~~~~~~~~~~~[0m
[96msrc/controllers/user.controller.ts[0m:[93m20[0m:[93m41[0m - [91merror[0m[90m TS6133: [0m'req' is declared but its value is never read.

[7m20[0m const userControllerFindUnique = async (req: Request, res: Response) => {
[7m  [0m [91m                                        ~~~[0m
[96msrc/controllers/user.controller.ts[0m:[93m20[0m:[93m55[0m - [91merror[0m[90m TS6133: [0m'res' is declared but its value is never read.

[7m20[0m const userControllerFindUnique = async (req: Request, res: Response) => {
[7m  [0m [91m                                                      ~~~[0m

    at createTSError (C:\Users\fauzi\OneDrive\Desktop\task management app\task management app\node_modules\ts-node\src\index.ts:859:12)
    at reportTSError (C:\Users\fauzi\OneDrive\Desktop\task management app\task management app\node_modules\ts-node\src\index.ts:863:19)
    at getOutput (C:\Users\fauzi\OneDrive\Desktop\task management app\task management app\node_modules\ts-node\src\index.ts:1077:36)
    at Object.compile (C:\Users\fauzi\OneDrive\Desktop\task management app\task management app\node_modules\ts-node\src\index.ts:1433:41)
    at Module.m._compile (C:\Users\fauzi\OneDrive\Desktop\task management app\task management app\node_modules\ts-node\src\index.ts:1617:30)
    at Module._extensions..js (node:internal/modules/cjs/loader:1427:10)
    at Object.require.extensions.<computed> [as .ts] (C:\Users\fauzi\OneDrive\Desktop\task management app\task management app\node_modules\ts-node\src\index.ts:1621:12)
    at Module.load (node:internal/modules/cjs/loader:1206:32)
    at Function.Module._load (node:internal/modules/cjs/loader:1022:12)
    at Module.require (node:internal/modules/cjs/loader:1231:19)
2024-08-24 00:56:39:907 AM [LOGGER] error: uncaughtException: тип Unable to compile TypeScript:
[96msrc/controllers/user.controller.ts[0m:[93m15[0m:[93m39[0m - [91merror[0m[90m TS6133: [0m'req' is declared but its value is never read.

[7m15[0m const userControllerFindMany = async (req: Request, res: Response) => {
[7m  [0m [91m                                      ~~~[0m
[96msrc/controllers/user.controller.ts[0m:[93m20[0m:[93m7[0m - [91merror[0m[90m TS6133: [0m'userControllerFindUnique' is declared but its value is never read.

[7m20[0m const userControllerFindUnique = async (req: Request, res: Response) => {
[7m  [0m [91m      ~~~~~~~~~~~~~~~~~~~~~~~~[0m
[96msrc/controllers/user.controller.ts[0m:[93m20[0m:[93m41[0m - [91merror[0m[90m TS6133: [0m'req' is declared but its value is never read.

[7m20[0m const userControllerFindUnique = async (req: Request, res: Response) => {
[7m  [0m [91m                                        ~~~[0m
[96msrc/controllers/user.controller.ts[0m:[93m20[0m:[93m55[0m - [91merror[0m[90m TS6133: [0m'res' is declared but its value is never read.

[7m20[0m const userControllerFindUnique = async (req: Request, res: Response) => {
[7m  [0m [91m                                                      ~~~[0m

TSError: тип Unable to compile TypeScript:
[96msrc/controllers/user.controller.ts[0m:[93m15[0m:[93m39[0m - [91merror[0m[90m TS6133: [0m'req' is declared but its value is never read.

[7m15[0m const userControllerFindMany = async (req: Request, res: Response) => {
[7m  [0m [91m                                      ~~~[0m
[96msrc/controllers/user.controller.ts[0m:[93m20[0m:[93m7[0m - [91merror[0m[90m TS6133: [0m'userControllerFindUnique' is declared but its value is never read.

[7m20[0m const userControllerFindUnique = async (req: Request, res: Response) => {
[7m  [0m [91m      ~~~~~~~~~~~~~~~~~~~~~~~~[0m
[96msrc/controllers/user.controller.ts[0m:[93m20[0m:[93m41[0m - [91merror[0m[90m TS6133: [0m'req' is declared but its value is never read.

[7m20[0m const userControllerFindUnique = async (req: Request, res: Response) => {
[7m  [0m [91m                                        ~~~[0m
[96msrc/controllers/user.controller.ts[0m:[93m20[0m:[93m55[0m - [91merror[0m[90m TS6133: [0m'res' is declared but its value is never read.

[7m20[0m const userControllerFindUnique = async (req: Request, res: Response) => {
[7m  [0m [91m                                                      ~~~[0m

    at createTSError (C:\Users\fauzi\OneDrive\Desktop\task management app\task management app\node_modules\ts-node\src\index.ts:859:12)
    at reportTSError (C:\Users\fauzi\OneDrive\Desktop\task management app\task management app\node_modules\ts-node\src\index.ts:863:19)
    at getOutput (C:\Users\fauzi\OneDrive\Desktop\task management app\task management app\node_modules\ts-node\src\index.ts:1077:36)
    at Object.compile (C:\Users\fauzi\OneDrive\Desktop\task management app\task management app\node_modules\ts-node\src\index.ts:1433:41)
    at Module.m._compile (C:\Users\fauzi\OneDrive\Desktop\task management app\task management app\node_modules\ts-node\src\index.ts:1617:30)
    at Module._extensions..js (node:internal/modules/cjs/loader:1427:10)
    at Object.require.extensions.<computed> [as .ts] (C:\Users\fauzi\OneDrive\Desktop\task management app\task management app\node_modules\ts-node\src\index.ts:1621:12)
    at Module.load (node:internal/modules/cjs/loader:1206:32)
    at Function.Module._load (node:internal/modules/cjs/loader:1022:12)
    at Module.require (node:internal/modules/cjs/loader:1231:19)
2024-08-24 00:56:43:426 AM [LOGGER] error: uncaughtException: тип Unable to compile TypeScript:
[96msrc/controllers/user.controller.ts[0m:[93m15[0m:[93m32[0m - [91merror[0m[90m TS2304: [0mCannot find name 'async'.

[7m15[0m const userControllerFindMany = async (-req: Request, res: Response) => {
[7m  [0m [91m                               ~~~~~[0m
[96msrc/controllers/user.controller.ts[0m:[93m15[0m:[93m40[0m - [91merror[0m[90m TS2304: [0mCannot find name 'req'.

[7m15[0m const userControllerFindMany = async (-req: Request, res: Response) => {
[7m  [0m [91m                                       ~~~[0m
[96msrc/controllers/user.controller.ts[0m:[93m15[0m:[93m54[0m - [91merror[0m[90m TS2304: [0mCannot find name 'res'.

[7m15[0m const userControllerFindMany = async (-req: Request, res: Response) => {
[7m  [0m [91m                                                     ~~~[0m
[96msrc/controllers/user.controller.ts[0m:[93m17[0m:[93m3[0m - [91merror[0m[90m TS2304: [0mCannot find name 'res'.

[7m17[0m   res.send(users);
[7m  [0m [91m  ~~~[0m
[96msrc/controllers/user.controller.ts[0m:[93m20[0m:[93m7[0m - [91merror[0m[90m TS6133: [0m'userControllerFindUnique' is declared but its value is never read.

[7m20[0m const userControllerFindUnique = async (req: Request, res: Response) => {
[7m  [0m [91m      ~~~~~~~~~~~~~~~~~~~~~~~~[0m
[96msrc/controllers/user.controller.ts[0m:[93m20[0m:[93m41[0m - [91merror[0m[90m TS6133: [0m'req' is declared but its value is never read.

[7m20[0m const userControllerFindUnique = async (req: Request, res: Response) => {
[7m  [0m [91m                                        ~~~[0m
[96msrc/controllers/user.controller.ts[0m:[93m20[0m:[93m55[0m - [91merror[0m[90m TS6133: [0m'res' is declared but its value is never read.

[7m20[0m const userControllerFindUnique = async (req: Request, res: Response) => {
[7m  [0m [91m                                                      ~~~[0m
[96msrc/controllers/user.controller.ts[0m:[93m15[0m:[93m43[0m - [91merror[0m[90m TS1005: [0m',' expected.

[7m15[0m const userControllerFindMany = async (-req: Request, res: Response) => {
[7m  [0m [91m                                          ~[0m
[96msrc/controllers/user.controller.ts[0m:[93m15[0m:[93m57[0m - [91merror[0m[90m TS1005: [0m',' expected.

[7m15[0m const userControllerFindMany = async (-req: Request, res: Response) => {
[7m  [0m [91m                                                        ~[0m
[96msrc/controllers/user.controller.ts[0m:[93m15[0m:[93m69[0m - [91merror[0m[90m TS1005: [0m';' expected.

[7m15[0m const userControllerFindMany = async (-req: Request, res: Response) => {
[7m  [0m [91m                                                                    ~~[0m

TSError: тип Unable to compile TypeScript:
[96msrc/controllers/user.controller.ts[0m:[93m15[0m:[93m32[0m - [91merror[0m[90m TS2304: [0mCannot find name 'async'.

[7m15[0m const userControllerFindMany = async (-req: Request, res: Response) => {
[7m  [0m [91m                               ~~~~~[0m
[96msrc/controllers/user.controller.ts[0m:[93m15[0m:[93m40[0m - [91merror[0m[90m TS2304: [0mCannot find name 'req'.

[7m15[0m const userControllerFindMany = async (-req: Request, res: Response) => {
[7m  [0m [91m                                       ~~~[0m
[96msrc/controllers/user.controller.ts[0m:[93m15[0m:[93m54[0m - [91merror[0m[90m TS2304: [0mCannot find name 'res'.

[7m15[0m const userControllerFindMany = async (-req: Request, res: Response) => {
[7m  [0m [91m                                                     ~~~[0m
[96msrc/controllers/user.controller.ts[0m:[93m17[0m:[93m3[0m - [91merror[0m[90m TS2304: [0mCannot find name 'res'.

[7m17[0m   res.send(users);
[7m  [0m [91m  ~~~[0m
[96msrc/controllers/user.controller.ts[0m:[93m20[0m:[93m7[0m - [91merror[0m[90m TS6133: [0m'userControllerFindUnique' is declared but its value is never read.

[7m20[0m const userControllerFindUnique = async (req: Request, res: Response) => {
[7m  [0m [91m      ~~~~~~~~~~~~~~~~~~~~~~~~[0m
[96msrc/controllers/user.controller.ts[0m:[93m20[0m:[93m41[0m - [91merror[0m[90m TS6133: [0m'req' is declared but its value is never read.

[7m20[0m const userControllerFindUnique = async (req: Request, res: Response) => {
[7m  [0m [91m                                        ~~~[0m
[96msrc/controllers/user.controller.ts[0m:[93m20[0m:[93m55[0m - [91merror[0m[90m TS6133: [0m'res' is declared but its value is never read.

[7m20[0m const userControllerFindUnique = async (req: Request, res: Response) => {
[7m  [0m [91m                                                      ~~~[0m
[96msrc/controllers/user.controller.ts[0m:[93m15[0m:[93m43[0m - [91merror[0m[90m TS1005: [0m',' expected.

[7m15[0m const userControllerFindMany = async (-req: Request, res: Response) => {
[7m  [0m [91m                                          ~[0m
[96msrc/controllers/user.controller.ts[0m:[93m15[0m:[93m57[0m - [91merror[0m[90m TS1005: [0m',' expected.

[7m15[0m const userControllerFindMany = async (-req: Request, res: Response) => {
[7m  [0m [91m                                                        ~[0m
[96msrc/controllers/user.controller.ts[0m:[93m15[0m:[93m69[0m - [91merror[0m[90m TS1005: [0m';' expected.

[7m15[0m const userControllerFindMany = async (-req: Request, res: Response) => {
[7m  [0m [91m                                                                    ~~[0m

    at createTSError (C:\Users\fauzi\OneDrive\Desktop\task management app\task management app\node_modules\ts-node\src\index.ts:859:12)
    at reportTSError (C:\Users\fauzi\OneDrive\Desktop\task management app\task management app\node_modules\ts-node\src\index.ts:863:19)
    at getOutput (C:\Users\fauzi\OneDrive\Desktop\task management app\task management app\node_modules\ts-node\src\index.ts:1077:36)
    at Object.compile (C:\Users\fauzi\OneDrive\Desktop\task management app\task management app\node_modules\ts-node\src\index.ts:1433:41)
    at Module.m._compile (C:\Users\fauzi\OneDrive\Desktop\task management app\task management app\node_modules\ts-node\src\index.ts:1617:30)
    at Module._extensions..js (node:internal/modules/cjs/loader:1427:10)
    at Object.require.extensions.<computed> [as .ts] (C:\Users\fauzi\OneDrive\Desktop\task management app\task management app\node_modules\ts-node\src\index.ts:1621:12)
    at Module.load (node:internal/modules/cjs/loader:1206:32)
    at Function.Module._load (node:internal/modules/cjs/loader:1022:12)
    at Module.require (node:internal/modules/cjs/loader:1231:19)
2024-08-24 00:56:53:538 AM [LOGGER] error: uncaughtException: тип Unable to compile TypeScript:
[96msrc/controllers/user.controller.ts[0m:[93m20[0m:[93m7[0m - [91merror[0m[90m TS6133: [0m'userControllerFindUnique' is declared but its value is never read.

[7m20[0m const userControllerFindUnique = async (req: Request, res: Response) => {
[7m  [0m [91m      ~~~~~~~~~~~~~~~~~~~~~~~~[0m
[96msrc/controllers/user.controller.ts[0m:[93m20[0m:[93m41[0m - [91merror[0m[90m TS6133: [0m'req' is declared but its value is never read.

[7m20[0m const userControllerFindUnique = async (req: Request, res: Response) => {
[7m  [0m [91m                                        ~~~[0m
[96msrc/controllers/user.controller.ts[0m:[93m20[0m:[93m55[0m - [91merror[0m[90m TS6133: [0m'res' is declared but its value is never read.

[7m20[0m const userControllerFindUnique = async (req: Request, res: Response) => {
[7m  [0m [91m                                                      ~~~[0m

TSError: тип Unable to compile TypeScript:
[96msrc/controllers/user.controller.ts[0m:[93m20[0m:[93m7[0m - [91merror[0m[90m TS6133: [0m'userControllerFindUnique' is declared but its value is never read.

[7m20[0m const userControllerFindUnique = async (req: Request, res: Response) => {
[7m  [0m [91m      ~~~~~~~~~~~~~~~~~~~~~~~~[0m
[96msrc/controllers/user.controller.ts[0m:[93m20[0m:[93m41[0m - [91merror[0m[90m TS6133: [0m'req' is declared but its value is never read.

[7m20[0m const userControllerFindUnique = async (req: Request, res: Response) => {
[7m  [0m [91m                                        ~~~[0m
[96msrc/controllers/user.controller.ts[0m:[93m20[0m:[93m55[0m - [91merror[0m[90m TS6133: [0m'res' is declared but its value is never read.

[7m20[0m const userControllerFindUnique = async (req: Request, res: Response) => {
[7m  [0m [91m                                                      ~~~[0m

    at createTSError (C:\Users\fauzi\OneDrive\Desktop\task management app\task management app\node_modules\ts-node\src\index.ts:859:12)
    at reportTSError (C:\Users\fauzi\OneDrive\Desktop\task management app\task management app\node_modules\ts-node\src\index.ts:863:19)
    at getOutput (C:\Users\fauzi\OneDrive\Desktop\task management app\task management app\node_modules\ts-node\src\index.ts:1077:36)
    at Object.compile (C:\Users\fauzi\OneDrive\Desktop\task management app\task management app\node_modules\ts-node\src\index.ts:1433:41)
    at Module.m._compile (C:\Users\fauzi\OneDrive\Desktop\task management app\task management app\node_modules\ts-node\src\index.ts:1617:30)
    at Module._extensions..js (node:internal/modules/cjs/loader:1427:10)
    at Object.require.extensions.<computed> [as .ts] (C:\Users\fauzi\OneDrive\Desktop\task management app\task management app\node_modules\ts-node\src\index.ts:1621:12)
    at Module.load (node:internal/modules/cjs/loader:1206:32)
    at Function.Module._load (node:internal/modules/cjs/loader:1022:12)
    at Module.require (node:internal/modules/cjs/loader:1231:19)
2024-08-24 00:56:57:990 AM [LOGGER] error: uncaughtException: тип Unable to compile TypeScript:
[96msrc/controllers/user.controller.ts[0m:[93m20[0m:[93m7[0m - [91merror[0m[90m TS6133: [0m'userControllerFindUnique' is declared but its value is never read.

[7m20[0m const userControllerFindUnique = async (req: Request, res: Response) => {
[7m  [0m [91m      ~~~~~~~~~~~~~~~~~~~~~~~~[0m
[96msrc/controllers/user.controller.ts[0m:[93m20[0m:[93m41[0m - [91merror[0m[90m TS6133: [0m'req' is declared but its value is never read.

[7m20[0m const userControllerFindUnique = async (req: Request, res: Response) => {
[7m  [0m [91m                                        ~~~[0m
[96msrc/controllers/user.controller.ts[0m:[93m20[0m:[93m55[0m - [91merror[0m[90m TS6133: [0m'res' is declared but its value is never read.

[7m20[0m const userControllerFindUnique = async (req: Request, res: Response) => {
[7m  [0m [91m                                                      ~~~[0m
[96msrc/controllers/user.controller.ts[0m:[93m21[0m:[93m9[0m - [91merror[0m[90m TS1155: [0m'const' declarations must be initialized.

[7m21[0m   const user
[7m  [0m [91m        ~~~~[0m
[96msrc/controllers/user.controller.ts[0m:[93m21[0m:[93m9[0m - [91merror[0m[90m TS6133: [0m'user' is declared but its value is never read.

[7m21[0m   const user
[7m  [0m [91m        ~~~~[0m
[96msrc/controllers/user.controller.ts[0m:[93m21[0m:[93m9[0m - [91merror[0m[90m TS7005: [0mVariable 'user' implicitly has an 'any' type.

[7m21[0m   const user
[7m  [0m [91m        ~~~~[0m

TSError: тип Unable to compile TypeScript:
[96msrc/controllers/user.controller.ts[0m:[93m20[0m:[93m7[0m - [91merror[0m[90m TS6133: [0m'userControllerFindUnique' is declared but its value is never read.

[7m20[0m const userControllerFindUnique = async (req: Request, res: Response) => {
[7m  [0m [91m      ~~~~~~~~~~~~~~~~~~~~~~~~[0m
[96msrc/controllers/user.controller.ts[0m:[93m20[0m:[93m41[0m - [91merror[0m[90m TS6133: [0m'req' is declared but its value is never read.

[7m20[0m const userControllerFindUnique = async (req: Request, res: Response) => {
[7m  [0m [91m                                        ~~~[0m
[96msrc/controllers/user.controller.ts[0m:[93m20[0m:[93m55[0m - [91merror[0m[90m TS6133: [0m'res' is declared but its value is never read.

[7m20[0m const userControllerFindUnique = async (req: Request, res: Response) => {
[7m  [0m [91m                                                      ~~~[0m
[96msrc/controllers/user.controller.ts[0m:[93m21[0m:[93m9[0m - [91merror[0m[90m TS1155: [0m'const' declarations must be initialized.

[7m21[0m   const user
[7m  [0m [91m        ~~~~[0m
[96msrc/controllers/user.controller.ts[0m:[93m21[0m:[93m9[0m - [91merror[0m[90m TS6133: [0m'user' is declared but its value is never read.

[7m21[0m   const user
[7m  [0m [91m        ~~~~[0m
[96msrc/controllers/user.controller.ts[0m:[93m21[0m:[93m9[0m - [91merror[0m[90m TS7005: [0mVariable 'user' implicitly has an 'any' type.

[7m21[0m   const user
[7m  [0m [91m        ~~~~[0m

    at createTSError (C:\Users\fauzi\OneDrive\Desktop\task management app\task management app\node_modules\ts-node\src\index.ts:859:12)
    at reportTSError (C:\Users\fauzi\OneDrive\Desktop\task management app\task management app\node_modules\ts-node\src\index.ts:863:19)
    at getOutput (C:\Users\fauzi\OneDrive\Desktop\task management app\task management app\node_modules\ts-node\src\index.ts:1077:36)
    at Object.compile (C:\Users\fauzi\OneDrive\Desktop\task management app\task management app\node_modules\ts-node\src\index.ts:1433:41)
    at Module.m._compile (C:\Users\fauzi\OneDrive\Desktop\task management app\task management app\node_modules\ts-node\src\index.ts:1617:30)
    at Module._extensions..js (node:internal/modules/cjs/loader:1427:10)
    at Object.require.extensions.<computed> [as .ts] (C:\Users\fauzi\OneDrive\Desktop\task management app\task management app\node_modules\ts-node\src\index.ts:1621:12)
    at Module.load (node:internal/modules/cjs/loader:1206:32)
    at Function.Module._load (node:internal/modules/cjs/loader:1022:12)
    at Module.require (node:internal/modules/cjs/loader:1231:19)
2024-08-24 00:57:02:243 AM [LOGGER] error: uncaughtException: тип Unable to compile TypeScript:
[96msrc/controllers/user.controller.ts[0m:[93m20[0m:[93m7[0m - [91merror[0m[90m TS6133: [0m'userControllerFindUnique' is declared but its value is never read.

[7m20[0m const userControllerFindUnique = async (req: Request, res: Response) => {
[7m  [0m [91m      ~~~~~~~~~~~~~~~~~~~~~~~~[0m
[96msrc/controllers/user.controller.ts[0m:[93m20[0m:[93m41[0m - [91merror[0m[90m TS6133: [0m'req' is declared but its value is never read.

[7m20[0m const userControllerFindUnique = async (req: Request, res: Response) => {
[7m  [0m [91m                                        ~~~[0m
[96msrc/controllers/user.controller.ts[0m:[93m20[0m:[93m55[0m - [91merror[0m[90m TS6133: [0m'res' is declared but its value is never read.

[7m20[0m const userControllerFindUnique = async (req: Request, res: Response) => {
[7m  [0m [91m                                                      ~~~[0m
[96msrc/controllers/user.controller.ts[0m:[93m21[0m:[93m9[0m - [91merror[0m[90m TS6133: [0m'userId' is declared but its value is never read.

[7m21[0m   const userId = re
[7m  [0m [91m        ~~~~~~[0m
[96msrc/controllers/user.controller.ts[0m:[93m21[0m:[93m18[0m - [91merror[0m[90m TS2304: [0mCannot find name 're'.

[7m21[0m   const userId = re
[7m  [0m [91m                 ~~[0m

TSError: тип Unable to compile TypeScript:
[96msrc/controllers/user.controller.ts[0m:[93m20[0m:[93m7[0m - [91merror[0m[90m TS6133: [0m'userControllerFindUnique' is declared but its value is never read.

[7m20[0m const userControllerFindUnique = async (req: Request, res: Response) => {
[7m  [0m [91m      ~~~~~~~~~~~~~~~~~~~~~~~~[0m
[96msrc/controllers/user.controller.ts[0m:[93m20[0m:[93m41[0m - [91merror[0m[90m TS6133: [0m'req' is declared but its value is never read.

[7m20[0m const userControllerFindUnique = async (req: Request, res: Response) => {
[7m  [0m [91m                                        ~~~[0m
[96msrc/controllers/user.controller.ts[0m:[93m20[0m:[93m55[0m - [91merror[0m[90m TS6133: [0m'res' is declared but its value is never read.

[7m20[0m const userControllerFindUnique = async (req: Request, res: Response) => {
[7m  [0m [91m                                                      ~~~[0m
[96msrc/controllers/user.controller.ts[0m:[93m21[0m:[93m9[0m - [91merror[0m[90m TS6133: [0m'userId' is declared but its value is never read.

[7m21[0m   const userId = re
[7m  [0m [91m        ~~~~~~[0m
[96msrc/controllers/user.controller.ts[0m:[93m21[0m:[93m18[0m - [91merror[0m[90m TS2304: [0mCannot find name 're'.

[7m21[0m   const userId = re
[7m  [0m [91m                 ~~[0m

    at createTSError (C:\Users\fauzi\OneDrive\Desktop\task management app\task management app\node_modules\ts-node\src\index.ts:859:12)
    at reportTSError (C:\Users\fauzi\OneDrive\Desktop\task management app\task management app\node_modules\ts-node\src\index.ts:863:19)
    at getOutput (C:\Users\fauzi\OneDrive\Desktop\task management app\task management app\node_modules\ts-node\src\index.ts:1077:36)
    at Object.compile (C:\Users\fauzi\OneDrive\Desktop\task management app\task management app\node_modules\ts-node\src\index.ts:1433:41)
    at Module.m._compile (C:\Users\fauzi\OneDrive\Desktop\task management app\task management app\node_modules\ts-node\src\index.ts:1617:30)
    at Module._extensions..js (node:internal/modules/cjs/loader:1427:10)
    at Object.require.extensions.<computed> [as .ts] (C:\Users\fauzi\OneDrive\Desktop\task management app\task management app\node_modules\ts-node\src\index.ts:1621:12)
    at Module.load (node:internal/modules/cjs/loader:1206:32)
    at Function.Module._load (node:internal/modules/cjs/loader:1022:12)
    at Module.require (node:internal/modules/cjs/loader:1231:19)
2024-08-24 00:57:04:688 AM [LOGGER] error: uncaughtException: тип Unable to compile TypeScript:
[96msrc/controllers/user.controller.ts[0m:[93m20[0m:[93m7[0m - [91merror[0m[90m TS6133: [0m'userControllerFindUnique' is declared but its value is never read.

[7m20[0m const userControllerFindUnique = async (req: Request, res: Response) => {
[7m  [0m [91m      ~~~~~~~~~~~~~~~~~~~~~~~~[0m
[96msrc/controllers/user.controller.ts[0m:[93m20[0m:[93m55[0m - [91merror[0m[90m TS6133: [0m'res' is declared but its value is never read.

[7m20[0m const userControllerFindUnique = async (req: Request, res: Response) => {
[7m  [0m [91m                                                      ~~~[0m
[96msrc/controllers/user.controller.ts[0m:[93m21[0m:[93m9[0m - [91merror[0m[90m TS6133: [0m'userId' is declared but its value is never read.

[7m21[0m   const userId = req.params.id;
[7m  [0m [91m        ~~~~~~[0m

TSError: тип Unable to compile TypeScript:
[96msrc/controllers/user.controller.ts[0m:[93m20[0m:[93m7[0m - [91merror[0m[90m TS6133: [0m'userControllerFindUnique' is declared but its value is never read.

[7m20[0m const userControllerFindUnique = async (req: Request, res: Response) => {
[7m  [0m [91m      ~~~~~~~~~~~~~~~~~~~~~~~~[0m
[96msrc/controllers/user.controller.ts[0m:[93m20[0m:[93m55[0m - [91merror[0m[90m TS6133: [0m'res' is declared but its value is never read.

[7m20[0m const userControllerFindUnique = async (req: Request, res: Response) => {
[7m  [0m [91m                                                      ~~~[0m
[96msrc/controllers/user.controller.ts[0m:[93m21[0m:[93m9[0m - [91merror[0m[90m TS6133: [0m'userId' is declared but its value is never read.

[7m21[0m   const userId = req.params.id;
[7m  [0m [91m        ~~~~~~[0m

    at createTSError (C:\Users\fauzi\OneDrive\Desktop\task management app\task management app\node_modules\ts-node\src\index.ts:859:12)
    at reportTSError (C:\Users\fauzi\OneDrive\Desktop\task management app\task management app\node_modules\ts-node\src\index.ts:863:19)
    at getOutput (C:\Users\fauzi\OneDrive\Desktop\task management app\task management app\node_modules\ts-node\src\index.ts:1077:36)
    at Object.compile (C:\Users\fauzi\OneDrive\Desktop\task management app\task management app\node_modules\ts-node\src\index.ts:1433:41)
    at Module.m._compile (C:\Users\fauzi\OneDrive\Desktop\task management app\task management app\node_modules\ts-node\src\index.ts:1617:30)
    at Module._extensions..js (node:internal/modules/cjs/loader:1427:10)
    at Object.require.extensions.<computed> [as .ts] (C:\Users\fauzi\OneDrive\Desktop\task management app\task management app\node_modules\ts-node\src\index.ts:1621:12)
    at Module.load (node:internal/modules/cjs/loader:1206:32)
    at Function.Module._load (node:internal/modules/cjs/loader:1022:12)
    at Module.require (node:internal/modules/cjs/loader:1231:19)
2024-08-24 00:57:11:405 AM [LOGGER] error: uncaughtException: тип Unable to compile TypeScript:
[96msrc/controllers/user.controller.ts[0m:[93m20[0m:[93m7[0m - [91merror[0m[90m TS6133: [0m'userControllerFindUnique' is declared but its value is never read.

[7m20[0m const userControllerFindUnique = async (req: Request, res: Response) => {
[7m  [0m [91m      ~~~~~~~~~~~~~~~~~~~~~~~~[0m
[96msrc/controllers/user.controller.ts[0m:[93m20[0m:[93m55[0m - [91merror[0m[90m TS6133: [0m'res' is declared but its value is never read.

[7m20[0m const userControllerFindUnique = async (req: Request, res: Response) => {
[7m  [0m [91m                                                      ~~~[0m
[96msrc/controllers/user.controller.ts[0m:[93m22[0m:[93m9[0m - [91merror[0m[90m TS6133: [0m'user' is declared but its value is never read.

[7m22[0m   const user = await userService.getUserById(Number(userId));
[7m  [0m [91m        ~~~~[0m

TSError: тип Unable to compile TypeScript:
[96msrc/controllers/user.controller.ts[0m:[93m20[0m:[93m7[0m - [91merror[0m[90m TS6133: [0m'userControllerFindUnique' is declared but its value is never read.

[7m20[0m const userControllerFindUnique = async (req: Request, res: Response) => {
[7m  [0m [91m      ~~~~~~~~~~~~~~~~~~~~~~~~[0m
[96msrc/controllers/user.controller.ts[0m:[93m20[0m:[93m55[0m - [91merror[0m[90m TS6133: [0m'res' is declared but its value is never read.

[7m20[0m const userControllerFindUnique = async (req: Request, res: Response) => {
[7m  [0m [91m                                                      ~~~[0m
[96msrc/controllers/user.controller.ts[0m:[93m22[0m:[93m9[0m - [91merror[0m[90m TS6133: [0m'user' is declared but its value is never read.

[7m22[0m   const user = await userService.getUserById(Number(userId));
[7m  [0m [91m        ~~~~[0m

    at createTSError (C:\Users\fauzi\OneDrive\Desktop\task management app\task management app\node_modules\ts-node\src\index.ts:859:12)
    at reportTSError (C:\Users\fauzi\OneDrive\Desktop\task management app\task management app\node_modules\ts-node\src\index.ts:863:19)
    at getOutput (C:\Users\fauzi\OneDrive\Desktop\task management app\task management app\node_modules\ts-node\src\index.ts:1077:36)
    at Object.compile (C:\Users\fauzi\OneDrive\Desktop\task management app\task management app\node_modules\ts-node\src\index.ts:1433:41)
    at Module.m._compile (C:\Users\fauzi\OneDrive\Desktop\task management app\task management app\node_modules\ts-node\src\index.ts:1617:30)
    at Module._extensions..js (node:internal/modules/cjs/loader:1427:10)
    at Object.require.extensions.<computed> [as .ts] (C:\Users\fauzi\OneDrive\Desktop\task management app\task management app\node_modules\ts-node\src\index.ts:1621:12)
    at Module.load (node:internal/modules/cjs/loader:1206:32)
    at Function.Module._load (node:internal/modules/cjs/loader:1022:12)
    at Module.require (node:internal/modules/cjs/loader:1231:19)
2024-08-24 00:57:14:591 AM [LOGGER] error: uncaughtException: тип Unable to compile TypeScript:
[96msrc/controllers/user.controller.ts[0m:[93m20[0m:[93m7[0m - [91merror[0m[90m TS6133: [0m'userControllerFindUnique' is declared but its value is never read.

[7m20[0m const userControllerFindUnique = async (req: Request, res: Response) => {
[7m  [0m [91m      ~~~~~~~~~~~~~~~~~~~~~~~~[0m

TSError: тип Unable to compile TypeScript:
[96msrc/controllers/user.controller.ts[0m:[93m20[0m:[93m7[0m - [91merror[0m[90m TS6133: [0m'userControllerFindUnique' is declared but its value is never read.

[7m20[0m const userControllerFindUnique = async (req: Request, res: Response) => {
[7m  [0m [91m      ~~~~~~~~~~~~~~~~~~~~~~~~[0m

    at createTSError (C:\Users\fauzi\OneDrive\Desktop\task management app\task management app\node_modules\ts-node\src\index.ts:859:12)
    at reportTSError (C:\Users\fauzi\OneDrive\Desktop\task management app\task management app\node_modules\ts-node\src\index.ts:863:19)
    at getOutput (C:\Users\fauzi\OneDrive\Desktop\task management app\task management app\node_modules\ts-node\src\index.ts:1077:36)
    at Object.compile (C:\Users\fauzi\OneDrive\Desktop\task management app\task management app\node_modules\ts-node\src\index.ts:1433:41)
    at Module.m._compile (C:\Users\fauzi\OneDrive\Desktop\task management app\task management app\node_modules\ts-node\src\index.ts:1617:30)
    at Module._extensions..js (node:internal/modules/cjs/loader:1427:10)
    at Object.require.extensions.<computed> [as .ts] (C:\Users\fauzi\OneDrive\Desktop\task management app\task management app\node_modules\ts-node\src\index.ts:1621:12)
    at Module.load (node:internal/modules/cjs/loader:1206:32)
    at Function.Module._load (node:internal/modules/cjs/loader:1022:12)
    at Module.require (node:internal/modules/cjs/loader:1231:19)
2024-08-24 00:57:19:769 AM [LOGGER] error: uncaughtException: тип Unable to compile TypeScript:
[96msrc/controllers/user.controller.ts[0m:[93m17[0m:[93m7[0m - [91merror[0m[90m TS2551: [0mProperty 'ssend' does not exist on type 'Response<any, Record<string, any>>'. Did you mean 'send'?

[7m17[0m   res.ssend(users);
[7m  [0m [91m      ~~~~~[0m

  [96mnode_modules/@types/express-serve-static-core/index.d.ts[0m:[93m746[0m:[93m5[0m
    [7m746[0m     send: Send<ResBody, this>;
    [7m   [0m [96m    ~~~~[0m
    'send' is declared here.
[96msrc/controllers/user.controller.ts[0m:[93m20[0m:[93m7[0m - [91merror[0m[90m TS6133: [0m'userControllerFindUnique' is declared but its value is never read.

[7m20[0m const userControllerFindUnique = async (req: Request, res: Response) => {
[7m  [0m [91m      ~~~~~~~~~~~~~~~~~~~~~~~~[0m

TSError: тип Unable to compile TypeScript:
[96msrc/controllers/user.controller.ts[0m:[93m17[0m:[93m7[0m - [91merror[0m[90m TS2551: [0mProperty 'ssend' does not exist on type 'Response<any, Record<string, any>>'. Did you mean 'send'?

[7m17[0m   res.ssend(users);
[7m  [0m [91m      ~~~~~[0m

  [96mnode_modules/@types/express-serve-static-core/index.d.ts[0m:[93m746[0m:[93m5[0m
    [7m746[0m     send: Send<ResBody, this>;
    [7m   [0m [96m    ~~~~[0m
    'send' is declared here.
[96msrc/controllers/user.controller.ts[0m:[93m20[0m:[93m7[0m - [91merror[0m[90m TS6133: [0m'userControllerFindUnique' is declared but its value is never read.

[7m20[0m const userControllerFindUnique = async (req: Request, res: Response) => {
[7m  [0m [91m      ~~~~~~~~~~~~~~~~~~~~~~~~[0m

    at createTSError (C:\Users\fauzi\OneDrive\Desktop\task management app\task management app\node_modules\ts-node\src\index.ts:859:12)
    at reportTSError (C:\Users\fauzi\OneDrive\Desktop\task management app\task management app\node_modules\ts-node\src\index.ts:863:19)
    at getOutput (C:\Users\fauzi\OneDrive\Desktop\task management app\task management app\node_modules\ts-node\src\index.ts:1077:36)
    at Object.compile (C:\Users\fauzi\OneDrive\Desktop\task management app\task management app\node_modules\ts-node\src\index.ts:1433:41)
    at Module.m._compile (C:\Users\fauzi\OneDrive\Desktop\task management app\task management app\node_modules\ts-node\src\index.ts:1617:30)
    at Module._extensions..js (node:internal/modules/cjs/loader:1427:10)
    at Object.require.extensions.<computed> [as .ts] (C:\Users\fauzi\OneDrive\Desktop\task management app\task management app\node_modules\ts-node\src\index.ts:1621:12)
    at Module.load (node:internal/modules/cjs/loader:1206:32)
    at Function.Module._load (node:internal/modules/cjs/loader:1022:12)
    at Module.require (node:internal/modules/cjs/loader:1231:19)
2024-08-24 00:57:23:895 AM [LOGGER] error: uncaughtException: тип Unable to compile TypeScript:
[96msrc/controllers/user.controller.ts[0m:[93m20[0m:[93m7[0m - [91merror[0m[90m TS6133: [0m'userControllerFindUnique' is declared but its value is never read.

[7m20[0m const userControllerFindUnique = async (req: Request, res: Response) => {
[7m  [0m [91m      ~~~~~~~~~~~~~~~~~~~~~~~~[0m

TSError: тип Unable to compile TypeScript:
[96msrc/controllers/user.controller.ts[0m:[93m20[0m:[93m7[0m - [91merror[0m[90m TS6133: [0m'userControllerFindUnique' is declared but its value is never read.

[7m20[0m const userControllerFindUnique = async (req: Request, res: Response) => {
[7m  [0m [91m      ~~~~~~~~~~~~~~~~~~~~~~~~[0m

    at createTSError (C:\Users\fauzi\OneDrive\Desktop\task management app\task management app\node_modules\ts-node\src\index.ts:859:12)
    at reportTSError (C:\Users\fauzi\OneDrive\Desktop\task management app\task management app\node_modules\ts-node\src\index.ts:863:19)
    at getOutput (C:\Users\fauzi\OneDrive\Desktop\task management app\task management app\node_modules\ts-node\src\index.ts:1077:36)
    at Object.compile (C:\Users\fauzi\OneDrive\Desktop\task management app\task management app\node_modules\ts-node\src\index.ts:1433:41)
    at Module.m._compile (C:\Users\fauzi\OneDrive\Desktop\task management app\task management app\node_modules\ts-node\src\index.ts:1617:30)
    at Module._extensions..js (node:internal/modules/cjs/loader:1427:10)
    at Object.require.extensions.<computed> [as .ts] (C:\Users\fauzi\OneDrive\Desktop\task management app\task management app\node_modules\ts-node\src\index.ts:1621:12)
    at Module.load (node:internal/modules/cjs/loader:1206:32)
    at Function.Module._load (node:internal/modules/cjs/loader:1022:12)
    at Module.require (node:internal/modules/cjs/loader:1231:19)
2024-08-24 00:57:32:847 AM [LOGGER] error: uncaughtException: тип Unable to compile TypeScript:
[96msrc/controllers/user.controller.ts[0m:[93m20[0m:[93m7[0m - [91merror[0m[90m TS6133: [0m'userControllerFindUnique' is declared but its value is never read.

[7m20[0m const userControllerFindUnique = async (req: Request, res: Response) => {
[7m  [0m [91m      ~~~~~~~~~~~~~~~~~~~~~~~~[0m

TSError: тип Unable to compile TypeScript:
[96msrc/controllers/user.controller.ts[0m:[93m20[0m:[93m7[0m - [91merror[0m[90m TS6133: [0m'userControllerFindUnique' is declared but its value is never read.

[7m20[0m const userControllerFindUnique = async (req: Request, res: Response) => {
[7m  [0m [91m      ~~~~~~~~~~~~~~~~~~~~~~~~[0m

    at createTSError (C:\Users\fauzi\OneDrive\Desktop\task management app\task management app\node_modules\ts-node\src\index.ts:859:12)
    at reportTSError (C:\Users\fauzi\OneDrive\Desktop\task management app\task management app\node_modules\ts-node\src\index.ts:863:19)
    at getOutput (C:\Users\fauzi\OneDrive\Desktop\task management app\task management app\node_modules\ts-node\src\index.ts:1077:36)
    at Object.compile (C:\Users\fauzi\OneDrive\Desktop\task management app\task management app\node_modules\ts-node\src\index.ts:1433:41)
    at Module.m._compile (C:\Users\fauzi\OneDrive\Desktop\task management app\task management app\node_modules\ts-node\src\index.ts:1617:30)
    at Module._extensions..js (node:internal/modules/cjs/loader:1427:10)
    at Object.require.extensions.<computed> [as .ts] (C:\Users\fauzi\OneDrive\Desktop\task management app\task management app\node_modules\ts-node\src\index.ts:1621:12)
    at Module.load (node:internal/modules/cjs/loader:1206:32)
    at Function.Module._load (node:internal/modules/cjs/loader:1022:12)
    at Module.require (node:internal/modules/cjs/loader:1231:19)
2024-08-24 00:57:41:899 AM [LOGGER] error: uncaughtException: тип Unable to compile TypeScript:
[96msrc/routes/user.router.ts[0m:[93m6[0m:[93m25[0m - [91merror[0m[90m TS2769: [0mNo overload matches this call.
  The last overload gave the following error.
    Argument of type '{ userControllerFindMany: (_req: Request, res: Response) => Promise<void>; userControllerFindUnique: (req: Request, res: Response) => Promise<void>; }' is not assignable to parameter of type 'Application<Record<string, any>>'.
      Type '{ userControllerFindMany: (_req: Request<ParamsDictionary, any, any, ParsedQs, Record<string, any>>, res: Response<any, Record<string, any>>) => Promise<...>; userControllerFindUnique: (req: Request<...>, res: Response<...>) => Promise<...>; }' is missing the following properties from type 'Application<Record<string, any>>': init, defaultConfiguration, engine, set, and 63 more.

[7m6[0m userRouter.get('/user', userControllerFindMany);
[7m [0m [91m                        ~~~~~~~~~~~~~~~~~~~~~~[0m

  [96mnode_modules/@types/express-serve-static-core/index.d.ts[0m:[93m164[0m:[93m5[0m
    [7m164[0m     (path: PathParams, subApplication: Application): T;
    [7m   [0m [96m    ~~~~~~~~~~~~~~~~~~~~~~~~~~~~~~~~~~~~~~~~~~~~~~~~~~~[0m
    The last overload is declared here.

TSError: тип Unable to compile TypeScript:
[96msrc/routes/user.router.ts[0m:[93m6[0m:[93m25[0m - [91merror[0m[90m TS2769: [0mNo overload matches this call.
  The last overload gave the following error.
    Argument of type '{ userControllerFindMany: (_req: Request, res: Response) => Promise<void>; userControllerFindUnique: (req: Request, res: Response) => Promise<void>; }' is not assignable to parameter of type 'Application<Record<string, any>>'.
      Type '{ userControllerFindMany: (_req: Request<ParamsDictionary, any, any, ParsedQs, Record<string, any>>, res: Response<any, Record<string, any>>) => Promise<...>; userControllerFindUnique: (req: Request<...>, res: Response<...>) => Promise<...>; }' is missing the following properties from type 'Application<Record<string, any>>': init, defaultConfiguration, engine, set, and 63 more.

[7m6[0m userRouter.get('/user', userControllerFindMany);
[7m [0m [91m                        ~~~~~~~~~~~~~~~~~~~~~~[0m

  [96mnode_modules/@types/express-serve-static-core/index.d.ts[0m:[93m164[0m:[93m5[0m
    [7m164[0m     (path: PathParams, subApplication: Application): T;
    [7m   [0m [96m    ~~~~~~~~~~~~~~~~~~~~~~~~~~~~~~~~~~~~~~~~~~~~~~~~~~~[0m
    The last overload is declared here.

    at createTSError (C:\Users\fauzi\OneDrive\Desktop\task management app\task management app\node_modules\ts-node\src\index.ts:859:12)
    at reportTSError (C:\Users\fauzi\OneDrive\Desktop\task management app\task management app\node_modules\ts-node\src\index.ts:863:19)
    at getOutput (C:\Users\fauzi\OneDrive\Desktop\task management app\task management app\node_modules\ts-node\src\index.ts:1077:36)
    at Object.compile (C:\Users\fauzi\OneDrive\Desktop\task management app\task management app\node_modules\ts-node\src\index.ts:1433:41)
    at Module.m._compile (C:\Users\fauzi\OneDrive\Desktop\task management app\task management app\node_modules\ts-node\src\index.ts:1617:30)
    at Module._extensions..js (node:internal/modules/cjs/loader:1427:10)
    at Object.require.extensions.<computed> [as .ts] (C:\Users\fauzi\OneDrive\Desktop\task management app\task management app\node_modules\ts-node\src\index.ts:1621:12)
    at Module.load (node:internal/modules/cjs/loader:1206:32)
    at Function.Module._load (node:internal/modules/cjs/loader:1022:12)
    at Module.require (node:internal/modules/cjs/loader:1231:19)
2024-08-24 00:57:58:865 AM [LOGGER] error: uncaughtException: тип Unable to compile TypeScript:
[96msrc/routes/user.router.ts[0m:[93m6[0m:[93m25[0m - [91merror[0m[90m TS2769: [0mNo overload matches this call.
  The last overload gave the following error.
    Argument of type '{ userControllerFindMany: (_req: Request, res: Response) => Promise<void>; userControllerFindUnique: (req: Request, res: Response) => Promise<void>; }' is not assignable to parameter of type 'Application<Record<string, any>>'.
      Type '{ userControllerFindMany: (_req: Request<ParamsDictionary, any, any, ParsedQs, Record<string, any>>, res: Response<any, Record<string, any>>) => Promise<...>; userControllerFindUnique: (req: Request<...>, res: Response<...>) => Promise<...>; }' is missing the following properties from type 'Application<Record<string, any>>': init, defaultConfiguration, engine, set, and 63 more.

[7m6[0m userRouter.get('/user', userControllerFindMany);
[7m [0m [91m                        ~~~~~~~~~~~~~~~~~~~~~~[0m

  [96mnode_modules/@types/express-serve-static-core/index.d.ts[0m:[93m164[0m:[93m5[0m
    [7m164[0m     (path: PathParams, subApplication: Application): T;
    [7m   [0m [96m    ~~~~~~~~~~~~~~~~~~~~~~~~~~~~~~~~~~~~~~~~~~~~~~~~~~~[0m
    The last overload is declared here.

TSError: тип Unable to compile TypeScript:
[96msrc/routes/user.router.ts[0m:[93m6[0m:[93m25[0m - [91merror[0m[90m TS2769: [0mNo overload matches this call.
  The last overload gave the following error.
    Argument of type '{ userControllerFindMany: (_req: Request, res: Response) => Promise<void>; userControllerFindUnique: (req: Request, res: Response) => Promise<void>; }' is not assignable to parameter of type 'Application<Record<string, any>>'.
      Type '{ userControllerFindMany: (_req: Request<ParamsDictionary, any, any, ParsedQs, Record<string, any>>, res: Response<any, Record<string, any>>) => Promise<...>; userControllerFindUnique: (req: Request<...>, res: Response<...>) => Promise<...>; }' is missing the following properties from type 'Application<Record<string, any>>': init, defaultConfiguration, engine, set, and 63 more.

[7m6[0m userRouter.get('/user', userControllerFindMany);
[7m [0m [91m                        ~~~~~~~~~~~~~~~~~~~~~~[0m

  [96mnode_modules/@types/express-serve-static-core/index.d.ts[0m:[93m164[0m:[93m5[0m
    [7m164[0m     (path: PathParams, subApplication: Application): T;
    [7m   [0m [96m    ~~~~~~~~~~~~~~~~~~~~~~~~~~~~~~~~~~~~~~~~~~~~~~~~~~~[0m
    The last overload is declared here.

    at createTSError (C:\Users\fauzi\OneDrive\Desktop\task management app\task management app\node_modules\ts-node\src\index.ts:859:12)
    at reportTSError (C:\Users\fauzi\OneDrive\Desktop\task management app\task management app\node_modules\ts-node\src\index.ts:863:19)
    at getOutput (C:\Users\fauzi\OneDrive\Desktop\task management app\task management app\node_modules\ts-node\src\index.ts:1077:36)
    at Object.compile (C:\Users\fauzi\OneDrive\Desktop\task management app\task management app\node_modules\ts-node\src\index.ts:1433:41)
    at Module.m._compile (C:\Users\fauzi\OneDrive\Desktop\task management app\task management app\node_modules\ts-node\src\index.ts:1617:30)
    at Module._extensions..js (node:internal/modules/cjs/loader:1427:10)
    at Object.require.extensions.<computed> [as .ts] (C:\Users\fauzi\OneDrive\Desktop\task management app\task management app\node_modules\ts-node\src\index.ts:1621:12)
    at Module.load (node:internal/modules/cjs/loader:1206:32)
    at Function.Module._load (node:internal/modules/cjs/loader:1022:12)
    at Module.require (node:internal/modules/cjs/loader:1231:19)
2024-08-24 00:58:02:076 AM [LOGGER] error: uncaughtException: тип Unable to compile TypeScript:
[96msrc/routes/user.router.ts[0m:[93m6[0m:[93m25[0m - [91merror[0m[90m TS2769: [0mNo overload matches this call.
  The last overload gave the following error.
    Argument of type '{ userControllerFindMany: (_req: Request, res: Response) => Promise<void>; userControllerFindUnique: (req: Request, res: Response) => Promise<void>; }' is not assignable to parameter of type 'Application<Record<string, any>>'.
      Type '{ userControllerFindMany: (_req: Request<ParamsDictionary, any, any, ParsedQs, Record<string, any>>, res: Response<any, Record<string, any>>) => Promise<...>; userControllerFindUnique: (req: Request<...>, res: Response<...>) => Promise<...>; }' is missing the following properties from type 'Application<Record<string, any>>': init, defaultConfiguration, engine, set, and 63 more.

[7m6[0m userRouter.get('/user', userControllerFindMany);
[7m [0m [91m                        ~~~~~~~~~~~~~~~~~~~~~~[0m

  [96mnode_modules/@types/express-serve-static-core/index.d.ts[0m:[93m164[0m:[93m5[0m
    [7m164[0m     (path: PathParams, subApplication: Application): T;
    [7m   [0m [96m    ~~~~~~~~~~~~~~~~~~~~~~~~~~~~~~~~~~~~~~~~~~~~~~~~~~~[0m
    The last overload is declared here.
[96msrc/routes/user.router.ts[0m:[93m8[0m:[93m29[0m - [91merror[0m[90m TS2769: [0mNo overload matches this call.
  The last overload gave the following error.
    Argument of type '{ userControllerFindMany: (_req: Request, res: Response) => Promise<void>; userControllerFindUnique: (req: Request, res: Response) => Promise<void>; }' is not assignable to parameter of type 'Application<Record<string, any>>'.

[7m8[0m userRouter.get('/user/:id', userControllerFindMany);
[7m [0m [91m                            ~~~~~~~~~~~~~~~~~~~~~~[0m

  [96mnode_modules/@types/express-serve-static-core/index.d.ts[0m:[93m164[0m:[93m5[0m
    [7m164[0m     (path: PathParams, subApplication: Application): T;
    [7m   [0m [96m    ~~~~~~~~~~~~~~~~~~~~~~~~~~~~~~~~~~~~~~~~~~~~~~~~~~~[0m
    The last overload is declared here.

TSError: тип Unable to compile TypeScript:
[96msrc/routes/user.router.ts[0m:[93m6[0m:[93m25[0m - [91merror[0m[90m TS2769: [0mNo overload matches this call.
  The last overload gave the following error.
    Argument of type '{ userControllerFindMany: (_req: Request, res: Response) => Promise<void>; userControllerFindUnique: (req: Request, res: Response) => Promise<void>; }' is not assignable to parameter of type 'Application<Record<string, any>>'.
      Type '{ userControllerFindMany: (_req: Request<ParamsDictionary, any, any, ParsedQs, Record<string, any>>, res: Response<any, Record<string, any>>) => Promise<...>; userControllerFindUnique: (req: Request<...>, res: Response<...>) => Promise<...>; }' is missing the following properties from type 'Application<Record<string, any>>': init, defaultConfiguration, engine, set, and 63 more.

[7m6[0m userRouter.get('/user', userControllerFindMany);
[7m [0m [91m                        ~~~~~~~~~~~~~~~~~~~~~~[0m

  [96mnode_modules/@types/express-serve-static-core/index.d.ts[0m:[93m164[0m:[93m5[0m
    [7m164[0m     (path: PathParams, subApplication: Application): T;
    [7m   [0m [96m    ~~~~~~~~~~~~~~~~~~~~~~~~~~~~~~~~~~~~~~~~~~~~~~~~~~~[0m
    The last overload is declared here.
[96msrc/routes/user.router.ts[0m:[93m8[0m:[93m29[0m - [91merror[0m[90m TS2769: [0mNo overload matches this call.
  The last overload gave the following error.
    Argument of type '{ userControllerFindMany: (_req: Request, res: Response) => Promise<void>; userControllerFindUnique: (req: Request, res: Response) => Promise<void>; }' is not assignable to parameter of type 'Application<Record<string, any>>'.

[7m8[0m userRouter.get('/user/:id', userControllerFindMany);
[7m [0m [91m                            ~~~~~~~~~~~~~~~~~~~~~~[0m

  [96mnode_modules/@types/express-serve-static-core/index.d.ts[0m:[93m164[0m:[93m5[0m
    [7m164[0m     (path: PathParams, subApplication: Application): T;
    [7m   [0m [96m    ~~~~~~~~~~~~~~~~~~~~~~~~~~~~~~~~~~~~~~~~~~~~~~~~~~~[0m
    The last overload is declared here.

    at createTSError (C:\Users\fauzi\OneDrive\Desktop\task management app\task management app\node_modules\ts-node\src\index.ts:859:12)
    at reportTSError (C:\Users\fauzi\OneDrive\Desktop\task management app\task management app\node_modules\ts-node\src\index.ts:863:19)
    at getOutput (C:\Users\fauzi\OneDrive\Desktop\task management app\task management app\node_modules\ts-node\src\index.ts:1077:36)
    at Object.compile (C:\Users\fauzi\OneDrive\Desktop\task management app\task management app\node_modules\ts-node\src\index.ts:1433:41)
    at Module.m._compile (C:\Users\fauzi\OneDrive\Desktop\task management app\task management app\node_modules\ts-node\src\index.ts:1617:30)
    at Module._extensions..js (node:internal/modules/cjs/loader:1427:10)
    at Object.require.extensions.<computed> [as .ts] (C:\Users\fauzi\OneDrive\Desktop\task management app\task management app\node_modules\ts-node\src\index.ts:1621:12)
    at Module.load (node:internal/modules/cjs/loader:1206:32)
    at Function.Module._load (node:internal/modules/cjs/loader:1022:12)
    at Module.require (node:internal/modules/cjs/loader:1231:19)
2024-08-24 00:58:16:517 AM [LOGGER] error: uncaughtException: тип Unable to compile TypeScript:
[96msrc/routes/user.router.ts[0m:[93m6[0m:[93m25[0m - [91merror[0m[90m TS2769: [0mNo overload matches this call.
  The last overload gave the following error.
    Argument of type '{ userControllerFindMany: (_req: Request, res: Response) => Promise<void>; userControllerFindUnique: (req: Request, res: Response) => Promise<void>; }' is not assignable to parameter of type 'Application<Record<string, any>>'.
      Type '{ userControllerFindMany: (_req: Request<ParamsDictionary, any, any, ParsedQs, Record<string, any>>, res: Response<any, Record<string, any>>) => Promise<...>; userControllerFindUnique: (req: Request<...>, res: Response<...>) => Promise<...>; }' is missing the following properties from type 'Application<Record<string, any>>': init, defaultConfiguration, engine, set, and 63 more.

[7m6[0m userRouter.get('/user', userControllerFindMany);
[7m [0m [91m                        ~~~~~~~~~~~~~~~~~~~~~~[0m

  [96mnode_modules/@types/express-serve-static-core/index.d.ts[0m:[93m164[0m:[93m5[0m
    [7m164[0m     (path: PathParams, subApplication: Application): T;
    [7m   [0m [96m    ~~~~~~~~~~~~~~~~~~~~~~~~~~~~~~~~~~~~~~~~~~~~~~~~~~~[0m
    The last overload is declared here.

TSError: тип Unable to compile TypeScript:
[96msrc/routes/user.router.ts[0m:[93m6[0m:[93m25[0m - [91merror[0m[90m TS2769: [0mNo overload matches this call.
  The last overload gave the following error.
    Argument of type '{ userControllerFindMany: (_req: Request, res: Response) => Promise<void>; userControllerFindUnique: (req: Request, res: Response) => Promise<void>; }' is not assignable to parameter of type 'Application<Record<string, any>>'.
      Type '{ userControllerFindMany: (_req: Request<ParamsDictionary, any, any, ParsedQs, Record<string, any>>, res: Response<any, Record<string, any>>) => Promise<...>; userControllerFindUnique: (req: Request<...>, res: Response<...>) => Promise<...>; }' is missing the following properties from type 'Application<Record<string, any>>': init, defaultConfiguration, engine, set, and 63 more.

[7m6[0m userRouter.get('/user', userControllerFindMany);
[7m [0m [91m                        ~~~~~~~~~~~~~~~~~~~~~~[0m

  [96mnode_modules/@types/express-serve-static-core/index.d.ts[0m:[93m164[0m:[93m5[0m
    [7m164[0m     (path: PathParams, subApplication: Application): T;
    [7m   [0m [96m    ~~~~~~~~~~~~~~~~~~~~~~~~~~~~~~~~~~~~~~~~~~~~~~~~~~~[0m
    The last overload is declared here.

    at createTSError (C:\Users\fauzi\OneDrive\Desktop\task management app\task management app\node_modules\ts-node\src\index.ts:859:12)
    at reportTSError (C:\Users\fauzi\OneDrive\Desktop\task management app\task management app\node_modules\ts-node\src\index.ts:863:19)
    at getOutput (C:\Users\fauzi\OneDrive\Desktop\task management app\task management app\node_modules\ts-node\src\index.ts:1077:36)
    at Object.compile (C:\Users\fauzi\OneDrive\Desktop\task management app\task management app\node_modules\ts-node\src\index.ts:1433:41)
    at Module.m._compile (C:\Users\fauzi\OneDrive\Desktop\task management app\task management app\node_modules\ts-node\src\index.ts:1617:30)
    at Module._extensions..js (node:internal/modules/cjs/loader:1427:10)
    at Object.require.extensions.<computed> [as .ts] (C:\Users\fauzi\OneDrive\Desktop\task management app\task management app\node_modules\ts-node\src\index.ts:1621:12)
    at Module.load (node:internal/modules/cjs/loader:1206:32)
    at Function.Module._load (node:internal/modules/cjs/loader:1022:12)
    at Module.require (node:internal/modules/cjs/loader:1231:19)
2024-08-24 00:58:24:847 AM [LOGGER] error: uncaughtException: тип Unable to compile TypeScript:
[96msrc/routes/user.router.ts[0m:[93m6[0m:[93m48[0m - [91merror[0m[90m TS1003: [0mIdentifier expected.

[7m6[0m userRouter.get('/user', userControllerFindMany.);
[7m [0m [91m                                               ~[0m

TSError: тип Unable to compile TypeScript:
[96msrc/routes/user.router.ts[0m:[93m6[0m:[93m48[0m - [91merror[0m[90m TS1003: [0mIdentifier expected.

[7m6[0m userRouter.get('/user', userControllerFindMany.);
[7m [0m [91m                                               ~[0m

    at createTSError (C:\Users\fauzi\OneDrive\Desktop\task management app\task management app\node_modules\ts-node\src\index.ts:859:12)
    at reportTSError (C:\Users\fauzi\OneDrive\Desktop\task management app\task management app\node_modules\ts-node\src\index.ts:863:19)
    at getOutput (C:\Users\fauzi\OneDrive\Desktop\task management app\task management app\node_modules\ts-node\src\index.ts:1077:36)
    at Object.compile (C:\Users\fauzi\OneDrive\Desktop\task management app\task management app\node_modules\ts-node\src\index.ts:1433:41)
    at Module.m._compile (C:\Users\fauzi\OneDrive\Desktop\task management app\task management app\node_modules\ts-node\src\index.ts:1617:30)
    at Module._extensions..js (node:internal/modules/cjs/loader:1427:10)
    at Object.require.extensions.<computed> [as .ts] (C:\Users\fauzi\OneDrive\Desktop\task management app\task management app\node_modules\ts-node\src\index.ts:1621:12)
    at Module.load (node:internal/modules/cjs/loader:1206:32)
    at Function.Module._load (node:internal/modules/cjs/loader:1022:12)
    at Module.require (node:internal/modules/cjs/loader:1231:19)
2024-08-24 00:58:28:223 AM [LOGGER] error: uncaughtException: тип Unable to compile TypeScript:
[96msrc/routes/user.router.ts[0m:[93m2[0m:[93m1[0m - [91merror[0m[90m TS6133: [0m'userControllerFindMany' is declared but its value is never read.

[7m2[0m import  userControllerFindMany from '../controllers/user.controller';
[7m [0m [91m~~~~~~~~~~~~~~~~~~~~~~~~~~~~~~~~~~~~~~~~~~~~~~~~~~~~~~~~~~~~~~~~~~~~~[0m

TSError: тип Unable to compile TypeScript:
[96msrc/routes/user.router.ts[0m:[93m2[0m:[93m1[0m - [91merror[0m[90m TS6133: [0m'userControllerFindMany' is declared but its value is never read.

[7m2[0m import  userControllerFindMany from '../controllers/user.controller';
[7m [0m [91m~~~~~~~~~~~~~~~~~~~~~~~~~~~~~~~~~~~~~~~~~~~~~~~~~~~~~~~~~~~~~~~~~~~~~[0m

    at createTSError (C:\Users\fauzi\OneDrive\Desktop\task management app\task management app\node_modules\ts-node\src\index.ts:859:12)
    at reportTSError (C:\Users\fauzi\OneDrive\Desktop\task management app\task management app\node_modules\ts-node\src\index.ts:863:19)
    at getOutput (C:\Users\fauzi\OneDrive\Desktop\task management app\task management app\node_modules\ts-node\src\index.ts:1077:36)
    at Object.compile (C:\Users\fauzi\OneDrive\Desktop\task management app\task management app\node_modules\ts-node\src\index.ts:1433:41)
    at Module.m._compile (C:\Users\fauzi\OneDrive\Desktop\task management app\task management app\node_modules\ts-node\src\index.ts:1617:30)
    at Module._extensions..js (node:internal/modules/cjs/loader:1427:10)
    at Object.require.extensions.<computed> [as .ts] (C:\Users\fauzi\OneDrive\Desktop\task management app\task management app\node_modules\ts-node\src\index.ts:1621:12)
    at Module.load (node:internal/modules/cjs/loader:1206:32)
    at Function.Module._load (node:internal/modules/cjs/loader:1022:12)
    at Module.require (node:internal/modules/cjs/loader:1231:19)
2024-08-24 00:58:34:416 AM [LOGGER] error: uncaughtException: тип Unable to compile TypeScript:
[96msrc/routes/user.router.ts[0m:[93m2[0m:[93m1[0m - [91merror[0m[90m TS6133: [0m'userController' is declared but its value is never read.

[7m2[0m import  userController from '../controllers/user.controller';
[7m [0m [91m~~~~~~~~~~~~~~~~~~~~~~~~~~~~~~~~~~~~~~~~~~~~~~~~~~~~~~~~~~~~~[0m

TSError: тип Unable to compile TypeScript:
[96msrc/routes/user.router.ts[0m:[93m2[0m:[93m1[0m - [91merror[0m[90m TS6133: [0m'userController' is declared but its value is never read.

[7m2[0m import  userController from '../controllers/user.controller';
[7m [0m [91m~~~~~~~~~~~~~~~~~~~~~~~~~~~~~~~~~~~~~~~~~~~~~~~~~~~~~~~~~~~~~[0m

    at createTSError (C:\Users\fauzi\OneDrive\Desktop\task management app\task management app\node_modules\ts-node\src\index.ts:859:12)
    at reportTSError (C:\Users\fauzi\OneDrive\Desktop\task management app\task management app\node_modules\ts-node\src\index.ts:863:19)
    at getOutput (C:\Users\fauzi\OneDrive\Desktop\task management app\task management app\node_modules\ts-node\src\index.ts:1077:36)
    at Object.compile (C:\Users\fauzi\OneDrive\Desktop\task management app\task management app\node_modules\ts-node\src\index.ts:1433:41)
    at Module.m._compile (C:\Users\fauzi\OneDrive\Desktop\task management app\task management app\node_modules\ts-node\src\index.ts:1617:30)
    at Module._extensions..js (node:internal/modules/cjs/loader:1427:10)
    at Object.require.extensions.<computed> [as .ts] (C:\Users\fauzi\OneDrive\Desktop\task management app\task management app\node_modules\ts-node\src\index.ts:1621:12)
    at Module.load (node:internal/modules/cjs/loader:1206:32)
    at Function.Module._load (node:internal/modules/cjs/loader:1022:12)
    at Module.require (node:internal/modules/cjs/loader:1231:19)
2024-08-24 00:58:52:996 AM [LOGGER] error: uncaughtException: тип Unable to compile TypeScript:
[96msrc/routes/user.router.ts[0m:[93m6[0m:[93m25[0m - [91merror[0m[90m TS2769: [0mNo overload matches this call.
  The last overload gave the following error.
    Argument of type '{ userControllerFindMany: (_req: Request, res: Response) => Promise<void>; userControllerFindUnique: (req: Request, res: Response) => Promise<void>; }' is not assignable to parameter of type 'Application<Record<string, any>>'.
      Type '{ userControllerFindMany: (_req: Request<ParamsDictionary, any, any, ParsedQs, Record<string, any>>, res: Response<any, Record<string, any>>) => Promise<...>; userControllerFindUnique: (req: Request<...>, res: Response<...>) => Promise<...>; }' is missing the following properties from type 'Application<Record<string, any>>': init, defaultConfiguration, engine, set, and 63 more.

[7m6[0m userRouter.get('/user', userControllerFindMany);
[7m [0m [91m                        ~~~~~~~~~~~~~~~~~~~~~~[0m

  [96mnode_modules/@types/express-serve-static-core/index.d.ts[0m:[93m164[0m:[93m5[0m
    [7m164[0m     (path: PathParams, subApplication: Application): T;
    [7m   [0m [96m    ~~~~~~~~~~~~~~~~~~~~~~~~~~~~~~~~~~~~~~~~~~~~~~~~~~~[0m
    The last overload is declared here.
[96msrc/routes/user.router.ts[0m:[93m8[0m:[93m29[0m - [91merror[0m[90m TS2769: [0mNo overload matches this call.
  The last overload gave the following error.
    Argument of type '{ userControllerFindMany: (_req: Request, res: Response) => Promise<void>; userControllerFindUnique: (req: Request, res: Response) => Promise<void>; }' is not assignable to parameter of type 'Application<Record<string, any>>'.

[7m8[0m userRouter.get('/user/:id', userControllerFindMany);
[7m [0m [91m                            ~~~~~~~~~~~~~~~~~~~~~~[0m

  [96mnode_modules/@types/express-serve-static-core/index.d.ts[0m:[93m164[0m:[93m5[0m
    [7m164[0m     (path: PathParams, subApplication: Application): T;
    [7m   [0m [96m    ~~~~~~~~~~~~~~~~~~~~~~~~~~~~~~~~~~~~~~~~~~~~~~~~~~~[0m
    The last overload is declared here.

TSError: тип Unable to compile TypeScript:
[96msrc/routes/user.router.ts[0m:[93m6[0m:[93m25[0m - [91merror[0m[90m TS2769: [0mNo overload matches this call.
  The last overload gave the following error.
    Argument of type '{ userControllerFindMany: (_req: Request, res: Response) => Promise<void>; userControllerFindUnique: (req: Request, res: Response) => Promise<void>; }' is not assignable to parameter of type 'Application<Record<string, any>>'.
      Type '{ userControllerFindMany: (_req: Request<ParamsDictionary, any, any, ParsedQs, Record<string, any>>, res: Response<any, Record<string, any>>) => Promise<...>; userControllerFindUnique: (req: Request<...>, res: Response<...>) => Promise<...>; }' is missing the following properties from type 'Application<Record<string, any>>': init, defaultConfiguration, engine, set, and 63 more.

[7m6[0m userRouter.get('/user', userControllerFindMany);
[7m [0m [91m                        ~~~~~~~~~~~~~~~~~~~~~~[0m

  [96mnode_modules/@types/express-serve-static-core/index.d.ts[0m:[93m164[0m:[93m5[0m
    [7m164[0m     (path: PathParams, subApplication: Application): T;
    [7m   [0m [96m    ~~~~~~~~~~~~~~~~~~~~~~~~~~~~~~~~~~~~~~~~~~~~~~~~~~~[0m
    The last overload is declared here.
[96msrc/routes/user.router.ts[0m:[93m8[0m:[93m29[0m - [91merror[0m[90m TS2769: [0mNo overload matches this call.
  The last overload gave the following error.
    Argument of type '{ userControllerFindMany: (_req: Request, res: Response) => Promise<void>; userControllerFindUnique: (req: Request, res: Response) => Promise<void>; }' is not assignable to parameter of type 'Application<Record<string, any>>'.

[7m8[0m userRouter.get('/user/:id', userControllerFindMany);
[7m [0m [91m                            ~~~~~~~~~~~~~~~~~~~~~~[0m

  [96mnode_modules/@types/express-serve-static-core/index.d.ts[0m:[93m164[0m:[93m5[0m
    [7m164[0m     (path: PathParams, subApplication: Application): T;
    [7m   [0m [96m    ~~~~~~~~~~~~~~~~~~~~~~~~~~~~~~~~~~~~~~~~~~~~~~~~~~~[0m
    The last overload is declared here.

    at createTSError (C:\Users\fauzi\OneDrive\Desktop\task management app\task management app\node_modules\ts-node\src\index.ts:859:12)
    at reportTSError (C:\Users\fauzi\OneDrive\Desktop\task management app\task management app\node_modules\ts-node\src\index.ts:863:19)
    at getOutput (C:\Users\fauzi\OneDrive\Desktop\task management app\task management app\node_modules\ts-node\src\index.ts:1077:36)
    at Object.compile (C:\Users\fauzi\OneDrive\Desktop\task management app\task management app\node_modules\ts-node\src\index.ts:1433:41)
    at Module.m._compile (C:\Users\fauzi\OneDrive\Desktop\task management app\task management app\node_modules\ts-node\src\index.ts:1617:30)
    at Module._extensions..js (node:internal/modules/cjs/loader:1427:10)
    at Object.require.extensions.<computed> [as .ts] (C:\Users\fauzi\OneDrive\Desktop\task management app\task management app\node_modules\ts-node\src\index.ts:1621:12)
    at Module.load (node:internal/modules/cjs/loader:1206:32)
    at Function.Module._load (node:internal/modules/cjs/loader:1022:12)
    at Module.require (node:internal/modules/cjs/loader:1231:19)
